#
# A fatal error has been detected by the Java Runtime Environment:
#
#  EXCEPTION_ACCESS_VIOLATION (0xc0000005) at pc=0x0000000056cbe2d0, pid=192, tid=13896
#
# JRE version: Java(TM) SE Runtime Environment (8.0_25-b18) (build 1.8.0_25-b18)
# Java VM: Java HotSpot(TM) 64-Bit Server VM (25.25-b02 mixed mode windows-amd64 compressed oops)
# Problematic frame:
# C  [awt.dll+0x4e2d0]
#
# Failed to write core dump. Minidumps are not enabled by default on client versions of Windows
#
# If you would like to submit a bug report, please visit:
#   http://bugreport.sun.com/bugreport/crash.jsp
# The crash happened outside the Java Virtual Machine in native code.
# See problematic frame for where to report the bug.
#

---------------  T H R E A D  ---------------

Current thread (0x00000000194f1800):  JavaThread "AWT-EventQueue-0" [_thread_in_native, id=13896, stack(0x0000000019b50000,0x0000000019c50000)]

siginfo: ExceptionCode=0xc0000005, reading address 0x0000000118b60000

Registers:
RAX=0x0000000000000000, RBX=0x0000000000000000, RCX=0x0000000000000000, RDX=0x0000000000000005
RSP=0x0000000019c4c7f0, RBP=0x00000000169074c0, RSI=0x0000000118b60000, RDI=0x000000001958926a
R8 =0x000000000000002b, R9 =0x0000000000000080, R10=0x0000000019661dc0, R11=0x0000000000000003
R12=0x0000000000000008, R13=0x00000000ff333333, R14=0x0000000016905f80, R15=0x0000000000000001
RIP=0x0000000056cbe2d0, EFLAGS=0x0000000000010293

Top of Stack: (sp=0x0000000019c4c7f0)
0x0000000019c4c7f0:   0000000019589268 0000000000000003
0x0000000019c4c800:   0000000019661dc0 0000000000000040
0x0000000019c4c810:   0000000000000564 000000000000001b
0x0000000019c4c820:   0000000000000033 0000000000000033
0x0000000019c4c830:   0000000000000033 02e885e200000163
0x0000000019c4c840:   000000000017bece 000000000017bec3
0x0000000019c4c850:   0000000056db5c18 00000000194f19e8
0x0000000019c4c860:   0000000016905f80 0000000000000064
0x0000000019c4c870:   00000000195723a0 0000000057257b9f
0x0000000019c4c880:   0000000019c4c910 0000000000000000
0x0000000019c4c890:   0000000000000564 0000000019661da0
0x0000000019c4c8a0:   0000000000000009 0000000000000005
0x0000000019c4c8b0:   000000000017bec3 00007ffb0000015e
0x0000000019c4c8c0:   000000000017bece 0000000000000001
0x0000000019c4c8d0:   00000000169074c0 0000000016905f80
0x0000000019c4c8e0:   0000000056db5c18 0000000019c4c9b0 

Instructions: (pc=0x0000000056cbe2d0)
0x0000000056cbe2b0:   8b c1 0b c1 41 0b c0 0f 84 e8 00 00 00 41 8b c1
0x0000000056cbe2c0:   23 c1 41 23 c0 3d ff 00 00 00 0f 8d d1 00 00 00
0x0000000056cbe2d0:   4c 63 14 9e 48 63 d1 4d 63 d9 4c 8d 0d 5f 12 10
0x0000000056cbe2e0:   00 49 8b c2 48 c1 f8 10 0f b6 c0 42 0f b6 0c 30 


Register to memory mapping:

RAX=0x0000000000000000 is an unknown value
RBX=0x0000000000000000 is an unknown value
RCX=0x0000000000000000 is an unknown value
RDX=0x0000000000000005 is an unknown value
RSP=0x0000000019c4c7f0 is pointing into the stack for thread: 0x00000000194f1800
RBP=0x00000000169074c0 is an unknown value
RSI=0x0000000118b60000 is an unknown value
RDI=0x000000001958926a is an unknown value
R8 =0x000000000000002b is an unknown value
R9 =0x0000000000000080 is an unknown value
R10=0x0000000019661dc0 is an unknown value
R11=0x0000000000000003 is an unknown value
R12=0x0000000000000008 is an unknown value
R13=0x00000000ff333333 is an unallocated location in the heap
R14=0x0000000016905f80 is an unknown value
R15=0x0000000000000001 is an unknown value


Stack: [0x0000000019b50000,0x0000000019c50000],  sp=0x0000000019c4c7f0,  free space=1009k
Native frames: (J=compiled Java code, j=interpreted, Vv=VM code, C=native code)
C  [awt.dll+0x4e2d0]
C  [fontmanager.dll+0x7b9f]
C  [fontmanager.dll+0x7ce3]
C  0x0000000002ecbb7a

Java frames: (J=compiled Java code, j=interpreted, Vv=VM code)
J 867  sun.java2d.loops.DrawGlyphListLCD.DrawGlyphListLCD(Lsun/java2d/SunGraphics2D;Lsun/java2d/SurfaceData;Lsun/font/GlyphList;)V (0 bytes) @ 0x0000000002ecbafc [0x0000000002ecba80+0x7c]
J 906 C2 sun.swing.SwingUtilities2.drawChars(Ljavax/swing/JComponent;Ljava/awt/Graphics;[CIIII)I (379 bytes) @ 0x0000000002f0b208 [0x0000000002f0a060+0x11a8]
J 882 C2 javax.swing.text.Utilities.drawTabbedText(Ljavax/swing/text/View;Ljavax/swing/text/Segment;IILjava/awt/Graphics;Ljavax/swing/text/TabExpander;I[I)I (409 bytes) @ 0x0000000002ef1330 [0x0000000002ef0d20+0x610]
J 917 C2 javax.swing.text.PlainView.drawElement(ILjavax/swing/text/Element;Ljava/awt/Graphics;II)I (399 bytes) @ 0x0000000002f04974 [0x0000000002f04440+0x534]
J 916 C2 javax.swing.text.PlainView.drawLine(ILjava/awt/Graphics;II)V (118 bytes) @ 0x0000000002eed98c [0x0000000002eed900+0x8c]
J 924% C1 javax.swing.text.PlainView.paint(Ljava/awt/Graphics;Ljava/awt/Shape;)V (455 bytes) @ 0x0000000002f206f4 [0x0000000002f1dee0+0x2814]
j  javax.swing.plaf.basic.BasicTextUI$RootView.paint(Ljava/awt/Graphics;Ljava/awt/Shape;)V+48
j  javax.swing.plaf.basic.BasicTextUI.paintSafely(Ljava/awt/Graphics;)V+65
j  javax.swing.plaf.basic.BasicTextUI.paint(Ljava/awt/Graphics;Ljavax/swing/JComponent;)V+45
j  javax.swing.plaf.basic.BasicTextUI.update(Ljava/awt/Graphics;Ljavax/swing/JComponent;)V+3
j  javax.swing.JComponent.paintComponent(Ljava/awt/Graphics;)V+26
j  javax.swing.JComponent.paint(Ljava/awt/Graphics;)V+286
j  java.awt.GraphicsCallback$PaintCallback.run(Ljava/awt/Component;Ljava/awt/Graphics;)V+2
j  sun.awt.SunGraphicsCallback.runOneComponent(Ljava/awt/Component;Ljava/awt/Rectangle;Ljava/awt/Graphics;Ljava/awt/Shape;I)V+155
j  sun.awt.SunGraphicsCallback.runComponents([Ljava/awt/Component;Ljava/awt/Graphics;I)V+194
j  java.awt.Container.paint(Ljava/awt/Graphics;)V+58
j  sun.awt.RepaintArea.paintComponent(Ljava/awt/Component;Ljava/awt/Graphics;)V+6
j  sun.awt.RepaintArea.paint(Ljava/lang/Object;Z)V+326
j  sun.awt.windows.WComponentPeer.handleEvent(Ljava/awt/AWTEvent;)V+155
j  java.awt.Component.dispatchEventImpl(Ljava/awt/AWTEvent;)V+877
j  java.awt.Container.dispatchEventImpl(Ljava/awt/AWTEvent;)V+42
j  java.awt.Component.dispatchEvent(Ljava/awt/AWTEvent;)V+2
j  java.awt.EventQueue.dispatchEventImpl(Ljava/awt/AWTEvent;Ljava/lang/Object;)V+41
j  java.awt.EventQueue.access$400(Ljava/awt/EventQueue;Ljava/awt/AWTEvent;Ljava/lang/Object;)V+3
j  java.awt.EventQueue$3.run()Ljava/lang/Void;+32
j  java.awt.EventQueue$3.run()Ljava/lang/Object;+1
v  ~StubRoutines::call_stub
J 797  java.security.AccessController.doPrivileged(Ljava/security/PrivilegedAction;Ljava/security/AccessControlContext;)Ljava/lang/Object; (0 bytes) @ 0x0000000002ea2c66 [0x0000000002ea2c00+0x66]
j  java.security.ProtectionDomain$1.doIntersectionPrivilege(Ljava/security/PrivilegedAction;Ljava/security/AccessControlContext;Ljava/security/AccessControlContext;)Ljava/lang/Object;+28
j  java.security.ProtectionDomain$1.doIntersectionPrivilege(Ljava/security/PrivilegedAction;Ljava/security/AccessControlContext;)Ljava/lang/Object;+6
j  java.awt.EventQueue$4.run()Ljava/lang/Void;+11
j  java.awt.EventQueue$4.run()Ljava/lang/Object;+1
v  ~StubRoutines::call_stub
J 797  java.security.AccessController.doPrivileged(Ljava/security/PrivilegedAction;Ljava/security/AccessControlContext;)Ljava/lang/Object; (0 bytes) @ 0x0000000002ea2c66 [0x0000000002ea2c00+0x66]
j  java.security.ProtectionDomain$1.doIntersectionPrivilege(Ljava/security/PrivilegedAction;Ljava/security/AccessControlContext;Ljava/security/AccessControlContext;)Ljava/lang/Object;+28
j  java.awt.EventQueue.dispatchEvent(Ljava/awt/AWTEvent;)V+73
j  java.awt.EventDispatchThread.pumpOneEventForFilters(I)V+245
j  java.awt.EventDispatchThread.pumpEventsForFilter(ILjava/awt/Conditional;Ljava/awt/EventFilter;)V+35
j  java.awt.EventDispatchThread.pumpEventsForHierarchy(ILjava/awt/Conditional;Ljava/awt/Component;)V+11
j  java.awt.EventDispatchThread.pumpEvents(ILjava/awt/Conditional;)V+4
j  java.awt.EventDispatchThread.pumpEvents(Ljava/awt/Conditional;)V+3
j  java.awt.EventDispatchThread.run()V+9
v  ~StubRoutines::call_stub

---------------  P R O C E S S  ---------------

Java Threads: ( => current thread )
  0x000000001956f800 JavaThread "TimerQueue" daemon [_thread_blocked, id=10616, stack(0x000000001aa80000,0x000000001ab80000)]
  0x000000001956e800 JavaThread "D3D Screen Updater" daemon [_thread_blocked, id=13112, stack(0x000000001a490000,0x000000001a590000)]
  0x0000000002bad800 JavaThread "DestroyJavaVM" [_thread_blocked, id=11024, stack(0x0000000002590000,0x0000000002690000)]
=>0x00000000194f1800 JavaThread "AWT-EventQueue-0" [_thread_in_native, id=13896, stack(0x0000000019b50000,0x0000000019c50000)]
  0x00000000168b7800 JavaThread "AWT-Windows" daemon [_thread_in_native, id=15884, stack(0x00000000176a0000,0x00000000177a0000)]
  0x00000000168b5800 JavaThread "AWT-Shutdown" [_thread_blocked, id=13084, stack(0x00000000175a0000,0x00000000176a0000)]
  0x00000000168b0000 JavaThread "Java2D Disposer" daemon [_thread_blocked, id=4536, stack(0x00000000174a0000,0x00000000175a0000)]
  0x0000000016584000 JavaThread "Service Thread" daemon [_thread_blocked, id=15512, stack(0x0000000017140000,0x0000000017240000)]
  0x00000000151e3000 JavaThread "C1 CompilerThread2" daemon [_thread_blocked, id=12904, stack(0x0000000017040000,0x0000000017140000)]
  0x00000000151df000 JavaThread "C2 CompilerThread1" daemon [_thread_blocked, id=15896, stack(0x0000000016f40000,0x0000000017040000)]
  0x00000000151d9800 JavaThread "C2 CompilerThread0" daemon [_thread_blocked, id=8416, stack(0x0000000016e40000,0x0000000016f40000)]
  0x0000000016553000 JavaThread "Attach Listener" daemon [_thread_blocked, id=12388, stack(0x0000000016d40000,0x0000000016e40000)]
  0x0000000016552800 JavaThread "Signal Dispatcher" daemon [_thread_blocked, id=12760, stack(0x0000000016c40000,0x0000000016d40000)]
  0x0000000002ac4000 JavaThread "Finalizer" daemon [_thread_blocked, id=11328, stack(0x0000000016410000,0x0000000016510000)]
  0x0000000002aba000 JavaThread "Reference Handler" daemon [_thread_blocked, id=11152, stack(0x0000000016310000,0x0000000016410000)]

Other Threads:
  0x0000000015188000 VMThread [stack: 0x0000000016210000,0x0000000016310000] [id=5384]
  0x000000001659d000 WatcherThread [stack: 0x0000000017240000,0x0000000017340000] [id=1336]

VM state:not at safepoint (normal execution)

VM Mutex/Monitor currently owned by a thread: None

Heap:
 PSYoungGen      total 207872K, used 13158K [0x00000000eb180000, 0x00000000f9380000, 0x0000000100000000)
  eden space 187392K, 7% used [0x00000000eb180000,0x00000000ebe599d8,0x00000000f6880000)
  from space 20480K, 0% used [0x00000000f7f80000,0x00000000f7f80000,0x00000000f9380000)
  to   space 22016K, 0% used [0x00000000f6880000,0x00000000f6880000,0x00000000f7e00000)
 ParOldGen       total 685568K, used 496590K [0x00000000c1400000, 0x00000000eb180000, 0x00000000eb180000)
  object space 685568K, 72% used [0x00000000c1400000,0x00000000df8f39b8,0x00000000eb180000)
 Metaspace       used 10271K, capacity 10428K, committed 10624K, reserved 1058816K
  class space    used 1323K, capacity 1348K, committed 1408K, reserved 1048576K

Card table byte_map: [0x0000000011f70000,0x0000000012170000] byte_map_base: 0x0000000011966000

Marking Bits: (ParMarkBitMap*) 0x000000005694d490
 Begin Bits: [0x00000000126c0000, 0x0000000013670000)
 End Bits:   [0x0000000013670000, 0x0000000014620000)

Polling page: 0x0000000002690000

CodeCache: size=245760Kb used=3515Kb max_used=3515Kb free=242244Kb
 bounds [0x0000000002bb0000, 0x0000000002f30000, 0x0000000011bb0000]
 total_blobs=1400 nmethods=916 adapters=398
 compilation: enabled

Compilation events (10 events):
Event: 58.778 Thread 0x00000000151df000 nmethod 920 0x0000000002f14dd0 code [0x0000000002f150a0, 0x0000000002f16cd8]
Event: 58.778 Thread 0x00000000151df000  922       4       sun.java2d.pipe.GlyphListPipe::drawChars (222 bytes)
Event: 58.789 Thread 0x00000000151df000 nmethod 922 0x0000000002effc50 code [0x0000000002effe60, 0x0000000002f00f10]
Event: 58.789 Thread 0x00000000151df000  923       4       sun.font.GlyphList::setFromChars (93 bytes)
Event: 58.792 Thread 0x00000000151d9800 nmethod 921 0x0000000002f1b210 code [0x0000000002f1b480, 0x0000000002f1c9c8]
Event: 58.794 Thread 0x00000000151df000 nmethod 923 0x0000000002f01b50 code [0x0000000002f01cc0, 0x0000000002f02228]
Event: 59.509 Thread 0x00000000151e3000  924 %     3       javax.swing.text.PlainView::paint @ 333 (455 bytes)
Event: 59.511 Thread 0x00000000151e3000 nmethod 924% 0x0000000002f1db10 code [0x0000000002f1dee0, 0x0000000002f20d78]
Event: 59.525 Thread 0x00000000151e3000  925       3       javax.swing.text.PlainView::paint (455 bytes)
Event: 59.527 Thread 0x00000000151e3000 nmethod 925 0x0000000002f22610 code [0x0000000002f229c0, 0x0000000002f25638]

GC Heap History (10 events):
Event: 50.417 GC heap before
{Heap before GC invocations=136 (full 51):
 PSYoungGen      total 210944K, used 14870K [0x00000000eb180000, 0x00000000f9600000, 0x0000000100000000)
  eden space 185856K, 8% used [0x00000000eb180000,0x00000000ec005ad8,0x00000000f6700000)
  from space 25088K, 0% used [0x00000000f6700000,0x00000000f6700000,0x00000000f7f80000)
  to   space 23040K, 0% used [0x00000000f7f80000,0x00000000f7f80000,0x00000000f9600000)
 ParOldGen       total 685568K, used 677755K [0x00000000c1400000, 0x00000000eb180000, 0x00000000eb180000)
  object space 685568K, 98% used [0x00000000c1400000,0x00000000ea9def20,0x00000000eb180000)
 Metaspace       used 10150K, capacity 10306K, committed 10368K, reserved 1058816K
  class space    used 1320K, capacity 1349K, committed 1408K, reserved 1048576K
Event: 51.226 GC heap after
Heap after GC invocations=136 (full 51):
 PSYoungGen      total 210944K, used 0K [0x00000000eb180000, 0x00000000f9600000, 0x0000000100000000)
  eden space 185856K, 0% used [0x00000000eb180000,0x00000000eb180000,0x00000000f6700000)
  from space 25088K, 0% used [0x00000000f6700000,0x00000000f6700000,0x00000000f7f80000)
  to   space 23040K, 0% used [0x00000000f7f80000,0x00000000f7f80000,0x00000000f9600000)
 ParOldGen       total 685568K, used 491709K [0x00000000c1400000, 0x00000000eb180000, 0x00000000eb180000)
  object space 685568K, 71% used [0x00000000c1400000,0x00000000df42f530,0x00000000eb180000)
 Metaspace       used 10150K, capacity 10306K, committed 10368K, reserved 1058816K
  class space    used 1320K, capacity 1349K, committed 1408K, reserved 1048576K
}
Event: 51.343 GC heap before
{Heap before GC invocations=137 (full 52):
 PSYoungGen      total 210944K, used 14870K [0x00000000eb180000, 0x00000000f9600000, 0x0000000100000000)
  eden space 185856K, 8% used [0x00000000eb180000,0x00000000ec005a08,0x00000000f6700000)
  from space 25088K, 0% used [0x00000000f6700000,0x00000000f6700000,0x00000000f7f80000)
  to   space 23040K, 0% used [0x00000000f7f80000,0x00000000f7f80000,0x00000000f9600000)
 ParOldGen       total 685568K, used 681282K [0x00000000c1400000, 0x00000000eb180000, 0x00000000eb180000)
  object space 685568K, 99% used [0x00000000c1400000,0x00000000ead50be8,0x00000000eb180000)
 Metaspace       used 10150K, capacity 10306K, committed 10368K, reserved 1058816K
  class space    used 1320K, capacity 1349K, committed 1408K, reserved 1048576K
Event: 52.161 GC heap after
Heap after GC invocations=137 (full 52):
 PSYoungGen      total 210944K, used 0K [0x00000000eb180000, 0x00000000f9600000, 0x0000000100000000)
  eden space 185856K, 0% used [0x00000000eb180000,0x00000000eb180000,0x00000000f6700000)
  from space 25088K, 0% used [0x00000000f6700000,0x00000000f6700000,0x00000000f7f80000)
  to   space 23040K, 0% used [0x00000000f7f80000,0x00000000f7f80000,0x00000000f9600000)
 ParOldGen       total 685568K, used 494212K [0x00000000c1400000, 0x00000000eb180000, 0x00000000eb180000)
  object space 685568K, 72% used [0x00000000c1400000,0x00000000df6a1130,0x00000000eb180000)
 Metaspace       used 10150K, capacity 10306K, committed 10368K, reserved 1058816K
  class space    used 1320K, capacity 1349K, committed 1408K, reserved 1048576K
}
Event: 52.277 GC heap before
{Heap before GC invocations=138 (full 53):
 PSYoungGen      total 210944K, used 14870K [0x00000000eb180000, 0x00000000f9600000, 0x0000000100000000)
  eden space 185856K, 8% used [0x00000000eb180000,0x00000000ec005a10,0x00000000f6700000)
  from space 25088K, 0% used [0x00000000f6700000,0x00000000f6700000,0x00000000f7f80000)
  to   space 23040K, 0% used [0x00000000f7f80000,0x00000000f7f80000,0x00000000f9600000)
 ParOldGen       total 685568K, used 684809K [0x00000000c1400000, 0x00000000eb180000, 0x00000000eb180000)
  object space 685568K, 99% used [0x00000000c1400000,0x00000000eb0c27e8,0x00000000eb180000)
 Metaspace       used 10150K, capacity 10306K, committed 10368K, reserved 1058816K
  class space    used 1320K, capacity 1349K, committed 1408K, reserved 1048576K
Event: 53.093 GC heap after
Heap after GC invocations=138 (full 53):
 PSYoungGen      total 210944K, used 0K [0x00000000eb180000, 0x00000000f9600000, 0x0000000100000000)
  eden space 185856K, 0% used [0x00000000eb180000,0x00000000eb180000,0x00000000f6700000)
  from space 25088K, 0% used [0x00000000f6700000,0x00000000f6700000,0x00000000f7f80000)
  to   space 23040K, 0% used [0x00000000f7f80000,0x00000000f7f80000,0x00000000f9600000)
 ParOldGen       total 685568K, used 496715K [0x00000000c1400000, 0x00000000eb180000, 0x00000000eb180000)
  object space 685568K, 72% used [0x00000000c1400000,0x00000000df912eb0,0x00000000eb180000)
 Metaspace       used 10150K, capacity 10306K, committed 10368K, reserved 1058816K
  class space    used 1320K, capacity 1349K, committed 1408K, reserved 1048576K
}
Event: 53.093 GC heap before
{Heap before GC invocations=139 (full 53):
 PSYoungGen      total 210944K, used 0K [0x00000000eb180000, 0x00000000f9600000, 0x0000000100000000)
  eden space 185856K, 0% used [0x00000000eb180000,0x00000000eb180000,0x00000000f6700000)
  from space 25088K, 0% used [0x00000000f6700000,0x00000000f6700000,0x00000000f7f80000)
  to   space 23040K, 0% used [0x00000000f7f80000,0x00000000f7f80000,0x00000000f9600000)
 ParOldGen       total 685568K, used 496715K [0x00000000c1400000, 0x00000000eb180000, 0x00000000eb180000)
  object space 685568K, 72% used [0x00000000c1400000,0x00000000df912eb0,0x00000000eb180000)
 Metaspace       used 10150K, capacity 10306K, committed 10368K, reserved 1058816K
  class space    used 1320K, capacity 1349K, committed 1408K, reserved 1048576K
Event: 53.095 GC heap after
Heap after GC invocations=139 (full 53):
 PSYoungGen      total 207872K, used 0K [0x00000000eb180000, 0x00000000f9380000, 0x0000000100000000)
  eden space 187392K, 0% used [0x00000000eb180000,0x00000000eb180000,0x00000000f6880000)
  from space 20480K, 0% used [0x00000000f7f80000,0x00000000f7f80000,0x00000000f9380000)
  to   space 22016K, 0% used [0x00000000f6880000,0x00000000f6880000,0x00000000f7e00000)
 ParOldGen       total 685568K, used 496715K [0x00000000c1400000, 0x00000000eb180000, 0x00000000eb180000)
  object space 685568K, 72% used [0x00000000c1400000,0x00000000df912eb0,0x00000000eb180000)
 Metaspace       used 10150K, capacity 10306K, committed 10368K, reserved 1058816K
  class space    used 1320K, capacity 1349K, committed 1408K, reserved 1048576K
}
Event: 53.095 GC heap before
{Heap before GC invocations=140 (full 54):
 PSYoungGen      total 207872K, used 0K [0x00000000eb180000, 0x00000000f9380000, 0x0000000100000000)
  eden space 187392K, 0% used [0x00000000eb180000,0x00000000eb180000,0x00000000f6880000)
  from space 20480K, 0% used [0x00000000f7f80000,0x00000000f7f80000,0x00000000f9380000)
  to   space 22016K, 0% used [0x00000000f6880000,0x00000000f6880000,0x00000000f7e00000)
 ParOldGen       total 685568K, used 496715K [0x00000000c1400000, 0x00000000eb180000, 0x00000000eb180000)
  object space 685568K, 72% used [0x00000000c1400000,0x00000000df912eb0,0x00000000eb180000)
 Metaspace       used 10150K, capacity 10306K, committed 10368K, reserved 1058816K
  class space    used 1320K, capacity 1349K, committed 1408K, reserved 1048576K
Event: 58.413 GC heap after
Heap after GC invocations=140 (full 54):
 PSYoungGen      total 207872K, used 0K [0x00000000eb180000, 0x00000000f9380000, 0x0000000100000000)
  eden space 187392K, 0% used [0x00000000eb180000,0x00000000eb180000,0x00000000f6880000)
  from space 20480K, 0% used [0x00000000f7f80000,0x00000000f7f80000,0x00000000f9380000)
  to   space 22016K, 0% used [0x00000000f6880000,0x00000000f6880000,0x00000000f7e00000)
 ParOldGen       total 685568K, used 496590K [0x00000000c1400000, 0x00000000eb180000, 0x00000000eb180000)
  object space 685568K, 72% used [0x00000000c1400000,0x00000000df8f39b8,0x00000000eb180000)
 Metaspace       used 10146K, capacity 10300K, committed 10368K, reserved 1058816K
  class space    used 1319K, capacity 1348K, committed 1408K, reserved 1048576K
}

Deoptimization events (5 events):
Event: 58.450 Thread 0x00000000194f1800 Uncommon trap: reason=class_check action=maybe_recompile pc=0x0000000002e387d8 method=javax.swing.RepaintManager.addDirtyRegion0(Ljava/awt/Container;IIII)V @ 16
Event: 58.450 Thread 0x00000000194f1800 Uncommon trap: reason=class_check action=maybe_recompile pc=0x0000000002e387d8 method=javax.swing.RepaintManager.addDirtyRegion0(Ljava/awt/Container;IIII)V @ 16
Event: 58.451 Thread 0x00000000194f1800 Uncommon trap: reason=class_check action=maybe_recompile pc=0x0000000002e387d8 method=javax.swing.RepaintManager.addDirtyRegion0(Ljava/awt/Container;IIII)V @ 16
Event: 58.451 Thread 0x00000000194f1800 Uncommon trap: reason=class_check action=maybe_recompile pc=0x0000000002e387d8 method=javax.swing.RepaintManager.addDirtyRegion0(Ljava/awt/Container;IIII)V @ 16
Event: 58.470 Thread 0x00000000194f1800 Uncommon trap: reason=unreached action=reinterpret pc=0x0000000002e3b000 method=javax.swing.plaf.basic.BasicBorders$MarginBorder.getBorderInsets(Ljava/awt/Component;Ljava/awt/Insets;)Ljava/awt/Insets; @ 6

Internal exceptions (10 events):
Event: 0.397 Thread 0x0000000002bad800 Exception <a 'java/io/FileNotFoundException'> (0x00000000eb577890) thrown at [D:\re\workspace\8-2-build-windows-amd64-cygwin\jdk8u25\1677\hotspot\src\share\vm\prims\jni.cpp, line 716]
Event: 0.397 Thread 0x0000000002bad800 Exception <a 'java/lang/NullPointerException'> (0x00000000eb577e18) thrown at [D:\re\workspace\8-2-build-windows-amd64-cygwin\jdk8u25\1677\hotspot\src\share\vm\interpreter\linkResolver.cpp, line 1178]
Event: 0.433 Thread 0x0000000002bad800 Exception <a 'java/security/PrivilegedActionException'> (0x00000000eb5b6958) thrown at [D:\re\workspace\8-2-build-windows-amd64-cygwin\jdk8u25\1677\hotspot\src\share\vm\prims\jvm.cpp, line 1312]
Event: 0.478 Thread 0x0000000002bad800 Exception <a 'java/security/PrivilegedActionException'> (0x00000000eb5f0de8) thrown at [D:\re\workspace\8-2-build-windows-amd64-cygwin\jdk8u25\1677\hotspot\src\share\vm\prims\jvm.cpp, line 1312]
Event: 0.479 Thread 0x0000000002bad800 Exception <a 'java/security/PrivilegedActionException'> (0x00000000eb5f1a78) thrown at [D:\re\workspace\8-2-build-windows-amd64-cygwin\jdk8u25\1677\hotspot\src\share\vm\prims\jvm.cpp, line 1312]
Event: 0.480 Thread 0x0000000002bad800 Exception <a 'java/security/PrivilegedActionException'> (0x00000000eb5f51b0) thrown at [D:\re\workspace\8-2-build-windows-amd64-cygwin\jdk8u25\1677\hotspot\src\share\vm\prims\jvm.cpp, line 1312]
Event: 0.480 Thread 0x0000000002bad800 Exception <a 'java/security/PrivilegedActionException'> (0x00000000eb5f5e40) thrown at [D:\re\workspace\8-2-build-windows-amd64-cygwin\jdk8u25\1677\hotspot\src\share\vm\prims\jvm.cpp, line 1312]
Event: 58.413 Thread 0x00000000194f1800 Exception <a 'java/lang/OutOfMemoryError'> (0x00000000c154eea0) thrown at [D:\re\workspace\8-2-build-windows-amd64-cygwin\jdk8u25\1677\hotspot\src\share\vm\gc_interface/collectedHeap.inline.hpp, line 159]
Event: 58.413 Thread 0x00000000194f1800 Exception <a 'java/lang/OutOfMemoryError'> (0x00000000c154eea0) thrown at [D:\re\workspace\8-2-build-windows-amd64-cygwin\jdk8u25\1677\hotspot\src\share\vm\prims\jvm.cpp, line 1316]
Event: 58.413 Thread 0x00000000194f1800 Exception <a 'java/lang/OutOfMemoryError'> (0x00000000c154eea0) thrown at [D:\re\workspace\8-2-build-windows-amd64-cygwin\jdk8u25\1677\hotspot\src\share\vm\prims\jvm.cpp, line 1316]

Events (10 events):
Event: 58.451 Thread 0x00000000194f1800 DEOPT UNPACKING pc=0x0000000002bf556a sp=0x0000000019c4ce40 mode 2
Event: 58.466 loading class sun/java2d/loops/Blit$GeneralMaskBlit
Event: 58.467 loading class sun/java2d/loops/Blit$GeneralMaskBlit done
Event: 58.467 loading class sun/java2d/loops/MaskBlit$General
Event: 58.467 loading class sun/java2d/loops/GraphicsPrimitive$GeneralBinaryOp
Event: 58.467 loading class sun/java2d/loops/GraphicsPrimitive$GeneralBinaryOp done
Event: 58.467 loading class sun/java2d/loops/MaskBlit$General done
Event: 58.470 Thread 0x00000000194f1800 Uncommon trap: trap_request=0xffffffad fr.pc=0x0000000002e3b000
Event: 58.470 Thread 0x00000000194f1800 DEOPT PACKING pc=0x0000000002e3b000 sp=0x0000000019c4caf0
Event: 58.470 Thread 0x00000000194f1800 DEOPT UNPACKING pc=0x0000000002bf556a sp=0x0000000019c4ca70 mode 2


Dynamic libraries:
0x00007ff7cbe00000 - 0x00007ff7cbe34000 	E:\JDK1.8\bin\java.exe
0x00007ffbda710000 - 0x00007ffbda8bc000 	C:\windows\SYSTEM32\ntdll.dll
0x00007ffbda400000 - 0x00007ffbda53a000 	C:\windows\system32\KERNEL32.DLL
0x00007ffbd7a20000 - 0x00007ffbd7b2f000 	C:\windows\system32\KERNELBASE.dll
0x00007ffbd61d0000 - 0x00007ffbd6258000 	C:\windows\system32\apphelp.dll
0x00007ffbd24f0000 - 0x00007ffbd253f000 	C:\windows\AppPatch\AppPatch64\AcGenral.DLL
0x00007ffbd8ae0000 - 0x00007ffbd8b87000 	C:\windows\system32\msvcrt.dll
0x00007ffbd7370000 - 0x00007ffbd739b000 	C:\windows\SYSTEM32\SspiCli.dll
0x00007ffbd87d0000 - 0x00007ffbd8821000 	C:\windows\system32\SHLWAPI.dll
0x00007ffbd8040000 - 0x00007ffbd81b1000 	C:\windows\system32\USER32.dll
0x00007ffbd8630000 - 0x00007ffbd87c4000 	C:\windows\system32\ole32.dll
0x00007ffbd8c90000 - 0x00007ffbda1bb000 	C:\windows\system32\SHELL32.dll
0x00007ffbd6b80000 - 0x00007ffbd6b9e000 	C:\windows\SYSTEM32\USERENV.dll
0x00007ffbd7b50000 - 0x00007ffbd7bf5000 	C:\windows\system32\ADVAPI32.dll
0x00007ffbc6af0000 - 0x00007ffbc6b0b000 	C:\windows\SYSTEM32\MPR.dll
0x00007ffbd7c00000 - 0x00007ffbd7d41000 	C:\windows\system32\RPCRT4.dll
0x00007ffbda6a0000 - 0x00007ffbda6f9000 	C:\windows\SYSTEM32\sechost.dll
0x00007ffbda220000 - 0x00007ffbda3f6000 	C:\windows\SYSTEM32\combase.dll
0x00007ffbd8830000 - 0x00007ffbd8980000 	C:\windows\system32\GDI32.dll
0x00007ffbd7540000 - 0x00007ffbd7554000 	C:\windows\SYSTEM32\profapi.dll
0x00007ffbd5bc0000 - 0x00007ffbd5c5f000 	C:\windows\SYSTEM32\SHCORE.dll
0x00007ffbd85f0000 - 0x00007ffbd8624000 	C:\windows\system32\IMM32.DLL
0x00007ffbd8290000 - 0x00007ffbd83e2000 	C:\windows\system32\MSCTF.dll
0x00007ffbd5310000 - 0x00007ffbd558a000 	C:\windows\WinSxS\amd64_microsoft.windows.common-controls_6595b64144ccf1df_6.0.9600.17810_none_6240b9c7ecbd0bda\COMCTL32.dll
0x00000000572a0000 - 0x0000000057372000 	E:\JDK1.8\bin\msvcr100.dll
0x0000000056170000 - 0x00000000569ca000 	E:\JDK1.8\bin\server\jvm.dll
0x00007ffbd3010000 - 0x00007ffbd3019000 	C:\windows\SYSTEM32\WSOCK32.dll
0x00007ffbd79a0000 - 0x00007ffbd79bf000 	C:\windows\system32\WINMM.dll
0x00007ffbd8980000 - 0x00007ffbd8987000 	C:\windows\system32\PSAPI.DLL
0x00007ffbd7fe0000 - 0x00007ffbd8038000 	C:\windows\system32\WS2_32.dll
0x00007ffbd7620000 - 0x00007ffbd764a000 	C:\windows\system32\WINMMBASE.dll
0x00007ffbda690000 - 0x00007ffbda699000 	C:\windows\system32\NSI.dll
0x00007ffbd7670000 - 0x00007ffbd76ba000 	C:\windows\SYSTEM32\cfgmgr32.dll
0x00007ffbd75f0000 - 0x00007ffbd7616000 	C:\windows\system32\DEVOBJ.dll
0x0000000057460000 - 0x000000005746f000 	E:\JDK1.8\bin\verify.dll
0x0000000056140000 - 0x0000000056168000 	E:\JDK1.8\bin\java.dll
0x0000000056120000 - 0x0000000056136000 	E:\JDK1.8\bin\zip.dll
0x0000000056c70000 - 0x0000000056e08000 	E:\JDK1.8\bin\awt.dll
0x00007ffbd81c0000 - 0x00007ffbd8281000 	C:\windows\system32\OLEAUT32.dll
0x00007ffbd59f0000 - 0x00007ffbd5a10000 	C:\windows\system32\DWMAPI.DLL
0x00007ffbd6300000 - 0x00007ffbd6421000 	C:\windows\system32\uxtheme.dll
0x00007ffbd62f0000 - 0x00007ffbd62fa000 	C:\windows\SYSTEM32\kernel.appcore.dll
0x00007ffbd7400000 - 0x00007ffbd740a000 	C:\windows\SYSTEM32\CRYPTBASE.dll
0x00007ffbd73a0000 - 0x00007ffbd7400000 	C:\windows\SYSTEM32\bcryptPrimitives.dll
0x00007ffbcd060000 - 0x00007ffbcd268000 	C:\windows\system32\d3d9.dll
0x00007ffbd3440000 - 0x00007ffbd344a000 	C:\windows\SYSTEM32\VERSION.dll
0x0000000180000000 - 0x0000000180129000 	C:\windows\system32\nvspcap64.dll
0x00007ffbd76c0000 - 0x00007ffbd7897000 	C:\windows\system32\CRYPT32.dll
0x00007ffbd7650000 - 0x00007ffbd7662000 	C:\windows\system32\MSASN1.dll
0x00007ffbc5ff0000 - 0x00007ffbc6305000 	C:\windows\SYSTEM32\nvapi64.dll
0x00007ffbd83f0000 - 0x00007ffbd85c4000 	C:\windows\system32\SETUPAPI.dll
0x00007ffbd78a0000 - 0x00007ffbd78ec000 	C:\windows\system32\WINTRUST.dll
0x00007ffbaeaa0000 - 0x00007ffbafbf8000 	C:\windows\SYSTEM32\nvd3dumx.dll
0x00007ffbd79c0000 - 0x00007ffbd7a05000 	C:\windows\system32\powrprof.dll
0x0000000057250000 - 0x0000000057297000 	E:\JDK1.8\bin\fontmanager.dll
0x0000000056100000 - 0x000000005611a000 	E:\JDK1.8\bin\net.dll
0x00007ffbd6dd0000 - 0x00007ffbd6e28000 	C:\windows\system32\mswsock.dll
0x00000000560e0000 - 0x00000000560f1000 	E:\JDK1.8\bin\nio.dll
0x0000000057200000 - 0x0000000057241000 	E:\JDK1.8\bin\t2k.dll
0x00000000571c0000 - 0x00000000571f1000 	E:\JDK1.8\bin\jpeg.dll
0x00007ffbda5e0000 - 0x00007ffbda684000 	C:\windows\SYSTEM32\clbcatq.dll
0x00007ffbc6eb0000 - 0x00007ffbc705e000 	C:\windows\SYSTEM32\WindowsCodecs.dll
0x00007ffbd6e30000 - 0x00007ffbd6e4e000 	C:\windows\SYSTEM32\CRYPTSP.dll
0x00007ffbd6a70000 - 0x00007ffbd6aa5000 	C:\windows\system32\rsaenh.dll
0x00007ffbd7070000 - 0x00007ffbd7096000 	C:\windows\SYSTEM32\bcrypt.dll
0x00007ffbc1420000 - 0x00007ffbc15f8000 	C:\windows\system32\SogouTSF.ime
0x00007ffbd3430000 - 0x00007ffbd3437000 	C:\windows\system32\MSIMG32.dll
0x00007ffbd0ad0000 - 0x00007ffbd0b00000 	C:\windows\SYSTEM32\ntmarta.dll
0x00007ffbbfcf0000 - 0x00007ffbc053c000 	C:\windows\system32\SogouPy.ime
0x00007ffbd2680000 - 0x00007ffbd26e3000 	C:\windows\SYSTEM32\OLEACC.dll
0x00007ffbc9e80000 - 0x00007ffbc9eaa000 	C:\Program Files (x86)\SogouInput\Components\SgAppender\1.0.0.207\SgAppender_Dll64.dll
0x000000001d850000 - 0x000000001d92d000 	C:\Program Files (x86)\SogouInput\7.7.0.7006\Resource.dll
0x00007ffbc4e60000 - 0x00007ffbc5088000 	C:\Program Files (x86)\SogouInput\Components\PicFace\1.0.0.1390\PicFace64.dll
0x00007ffbbf400000 - 0x00007ffbbf588000 	C:\windows\SYSTEM32\dbghelp.dll

VM Arguments:
java_command: ATMCaseStudy
java_class_path (initial): E:\JDK1.8\lib\dt.jar£»E:\JDK1.8\lib\tools.jar;F:\workbench\lib\javax.servlet.jar;D:\QT\5.5\msvc2013_64\bin;D:\Qt\Tools\QtCreator\bin;F:\jexcelapi_2_6_6\jexcelapi\jxl.jar;
Launcher Type: SUN_STANDARD

Environment Variables:
CLASSPATH=E:\JDK1.8\lib\dt.jar£»E:\JDK1.8\lib\tools.jar;F:\workbench\lib\javax.servlet.jar;D:\QT\5.5\msvc2013_64\bin;D:\Qt\Tools\QtCreator\bin;F:\jexcelapi_2_6_6\jexcelapi\jxl.jar;
PATH=C:\Users\Y50\AppData\Local\GitHub\PortableGit_c2ba306e536fdf878271f7fe636a147ff37326ad\cmd;C:\Users\Y50\AppData\Local\GitHub\PortableGit_c2ba306e536fdf878271f7fe636a147ff37326ad\bin;C:\Users\Y50\AppData\Local\Apps\2.0\W57TYQLZ.0LT\XHJ6OC6Y.CJ0\gith..tion_317444273a93ac29_0003.0000_30c6a4a3ecafb094;C:\Users\Y50\AppData\Local\GitHub\lfs-amd64_0.5.4;C:\Program Files (x86)\MSBuild\12.0\bin;C:\Program Files (x86)\Lenovo\FusionEngine;C:\Program Files (x86)\NVIDIA Corporation\PhysX\Common;C:\Program Files (x86)\Intel\iCLS Client\;C:\Program Files\Intel\iCLS Client\;C:\windows\system32;C:\windows;C:\windows\System32\Wbem;C:\windows\System32\WindowsPowerShell\v1.0\;C:\Program Files\Intel\Intel(R) Management Engine Components\DAL;C:\Program Files\Intel\Intel(R) Management Engine Components\IPT;C:\Program Files (x86)\Intel\Intel(R) Management Engine Components\DAL;C:\Program Files (x86)\Intel\Intel(R) Management Engine Components\IPT;C:\Program Files\Intel\WiFi\bin\;C:\Program Files\Common Files\Intel\WirelessCommon\;C:\Program Files (x86)\Lenovo\Motion Control\;C:\Program Files (x86)\iFLYTEK\VoiceAssistant\SpeechPlusRuntime;E:\JDK1.8\bin;E:\JDK1.8\bin;E:\JDK1.8\bin;E:\JDK1.8\bin;E:\JDK1.8\bin;C:\Program Files (x86)\Lenovo\Lenovo Home\;C:\Program Files (x86)\Common Files\lenovo\easyplussdk\bin£»F:\adt-bundle-windows-x86_64-20131030\sdk\tools;C:\Program Files\Microsoft SQL Server\120\Tools\Binn\;C:\Program Files (x86)\nodejs\;C:\windows\system32\config\systemprofile\.dnx\bin;C:\Program Files\Microsoft DNX\Dnvm\;C:\Program Files (x86)\Windows Kits\10\Windows Performance Toolkit\;C:\Users\Y50\AppData\Roaming\npm
USERNAME=Y50
OS=Windows_NT
PROCESSOR_IDENTIFIER=Intel64 Family 6 Model 60 Stepping 3, GenuineIntel



---------------  S Y S T E M  ---------------

OS: Windows 8.1 , 64 bit Build 9600 

CPU:total 4 (2 cores per cpu, 2 threads per core) family 6 model 60 stepping 3, cmov, cx8, fxsr, mmx, sse, sse2, sse3, ssse3, sse4.1, sse4.2, popcnt, avx, avx2, aes, clmul, erms, lzcnt, ht, tsc, tscinvbit, bmi1, bmi2

Memory: 4k page, physical 4104472k(375132k free), swap 6798748k(791348k free)

vm_info: Java HotSpot(TM) 64-Bit Server VM (25.25-b02) for windows-amd64 JRE (1.8.0_25-b18), built on Oct  7 2014 14:25:37 by "java_re" with MS VC++ 10.0 (VS2010)

time: Mon Nov 02 22:12:24 2015
elapsed time: 59 seconds (0d 0h 0m 59s)

