#
# A fatal error has been detected by the Java Runtime Environment:
#
#  EXCEPTION_ACCESS_VIOLATION (0xc0000005) at pc=0x0000000056cbe2d0, pid=16212, tid=14152
#
# JRE version: Java(TM) SE Runtime Environment (8.0_25-b18) (build 1.8.0_25-b18)
# Java VM: Java HotSpot(TM) 64-Bit Server VM (25.25-b02 mixed mode windows-amd64 compressed oops)
# Problematic frame:
# C  [awt.dll+0x4e2d0]
#
# Failed to write core dump. Minidumps are not enabled by default on client versions of Windows
#
# If you would like to submit a bug report, please visit:
#   http://bugreport.sun.com/bugreport/crash.jsp
# The crash happened outside the Java Virtual Machine in native code.
# See problematic frame for where to report the bug.
#

---------------  T H R E A D  ---------------

Current thread (0x0000000018c27000):  JavaThread "AWT-EventQueue-0" [_thread_in_native, id=14152, stack(0x0000000019290000,0x0000000019390000)]

siginfo: ExceptionCode=0xc0000005, reading address 0x00000001182a0000

Registers:
RAX=0x0000000000000000, RBX=0x0000000000000000, RCX=0x0000000000000000, RDX=0x0000000000000005
RSP=0x000000001938c2d0, RBP=0x00000000160b20c0, RSI=0x00000001182a0000, RDI=0x0000000018cea09a
R8 =0x000000000000002b, R9 =0x0000000000000080, R10=0x000000001921fd60, R11=0x0000000000000003
R12=0x0000000000000008, R13=0x00000000ff333333, R14=0x00000000160b3d70, R15=0x0000000000000001
RIP=0x0000000056cbe2d0, EFLAGS=0x0000000000010293

Top of Stack: (sp=0x000000001938c2d0)
0x000000001938c2d0:   0000000018cea098 0000000000000003
0x000000001938c2e0:   000000001921fd60 0000000000000040
0x000000001938c2f0:   0000000000000564 000000000000001b
0x000000001938c300:   0000000000000033 0000000000000033
0x000000001938c310:   0000000000000033 02e885e200000163
0x000000001938c320:   000000000017bece 000000000017bec3
0x000000001938c330:   0000000056db5c18 0000000018c271e8
0x000000001938c340:   00000000160b3d70 0000000000000064
0x000000001938c350:   0000000018c83570 0000000057257b9f
0x000000001938c360:   000000001938c3f0 0000000000000000
0x000000001938c370:   0000000000000564 000000001921fd40
0x000000001938c380:   0000000000000009 0000000000000005
0x000000001938c390:   000000000017bec3 000000000000015e
0x000000001938c3a0:   000000000017bece 0000000000000001
0x000000001938c3b0:   00000000160b20c0 00000000160b3d70
0x000000001938c3c0:   0000000056db5c18 000000001938c490 

Instructions: (pc=0x0000000056cbe2d0)
0x0000000056cbe2b0:   8b c1 0b c1 41 0b c0 0f 84 e8 00 00 00 41 8b c1
0x0000000056cbe2c0:   23 c1 41 23 c0 3d ff 00 00 00 0f 8d d1 00 00 00
0x0000000056cbe2d0:   4c 63 14 9e 48 63 d1 4d 63 d9 4c 8d 0d 5f 12 10
0x0000000056cbe2e0:   00 49 8b c2 48 c1 f8 10 0f b6 c0 42 0f b6 0c 30 


Register to memory mapping:

RAX=0x0000000000000000 is an unknown value
RBX=0x0000000000000000 is an unknown value
RCX=0x0000000000000000 is an unknown value
RDX=0x0000000000000005 is an unknown value
RSP=0x000000001938c2d0 is pointing into the stack for thread: 0x0000000018c27000
RBP=0x00000000160b20c0 is an unknown value
RSI=0x00000001182a0000 is an unknown value
RDI=0x0000000018cea09a is an unknown value
R8 =0x000000000000002b is an unknown value
R9 =0x0000000000000080 is an unknown value
R10=0x000000001921fd60 is an unknown value
R11=0x0000000000000003 is an unknown value
R12=0x0000000000000008 is an unknown value
R13=0x00000000ff333333 is an unallocated location in the heap
R14=0x00000000160b3d70 is an unknown value
R15=0x0000000000000001 is an unknown value


Stack: [0x0000000019290000,0x0000000019390000],  sp=0x000000001938c2d0,  free space=1008k
Native frames: (J=compiled Java code, j=interpreted, Vv=VM code, C=native code)
C  [awt.dll+0x4e2d0]
C  [fontmanager.dll+0x7b9f]
C  [fontmanager.dll+0x7ce3]
C  0x00000000026a54fa

Java frames: (J=compiled Java code, j=interpreted, Vv=VM code)
J 927  sun.java2d.loops.DrawGlyphListLCD.DrawGlyphListLCD(Lsun/java2d/SunGraphics2D;Lsun/java2d/SurfaceData;Lsun/font/GlyphList;)V (0 bytes) @ 0x00000000026a547c [0x00000000026a5400+0x7c]
J 957 C2 sun.swing.SwingUtilities2.drawChars(Ljavax/swing/JComponent;Ljava/awt/Graphics;[CIIII)I (379 bytes) @ 0x00000000026d7b00 [0x00000000026d6960+0x11a0]
J 938 C2 javax.swing.text.Utilities.drawTabbedText(Ljavax/swing/text/View;Ljavax/swing/text/Segment;IILjava/awt/Graphics;Ljavax/swing/text/TabExpander;I[I)I (409 bytes) @ 0x00000000026c0030 [0x00000000026bfa20+0x610]
J 966 C2 javax.swing.text.PlainView.drawUnselectedText(Ljava/awt/Graphics;IIII)I (57 bytes) @ 0x00000000026ce9f0 [0x00000000026ce640+0x3b0]
J 965 C2 javax.swing.text.PlainView.drawElement(ILjavax/swing/text/Element;Ljava/awt/Graphics;II)I (399 bytes) @ 0x00000000026bcdc0 [0x00000000026bcc20+0x1a0]
J 964 C2 javax.swing.text.PlainView.drawLine(ILjava/awt/Graphics;II)V (118 bytes) @ 0x00000000026bbf4c [0x00000000026bbec0+0x8c]
J 978% C1 javax.swing.text.PlainView.paint(Ljava/awt/Graphics;Ljava/awt/Shape;)V (455 bytes) @ 0x00000000026ef374 [0x00000000026ecb60+0x2814]
j  javax.swing.plaf.basic.BasicTextUI$RootView.paint(Ljava/awt/Graphics;Ljava/awt/Shape;)V+48
j  javax.swing.plaf.basic.BasicTextUI.paintSafely(Ljava/awt/Graphics;)V+65
j  javax.swing.plaf.basic.BasicTextUI.paint(Ljava/awt/Graphics;Ljavax/swing/JComponent;)V+45
j  javax.swing.plaf.basic.BasicTextUI.update(Ljava/awt/Graphics;Ljavax/swing/JComponent;)V+3
j  javax.swing.JComponent.paintComponent(Ljava/awt/Graphics;)V+26
j  javax.swing.JComponent.paint(Ljava/awt/Graphics;)V+286
j  java.awt.GraphicsCallback$PaintCallback.run(Ljava/awt/Component;Ljava/awt/Graphics;)V+2
j  sun.awt.SunGraphicsCallback.runOneComponent(Ljava/awt/Component;Ljava/awt/Rectangle;Ljava/awt/Graphics;Ljava/awt/Shape;I)V+155
j  sun.awt.SunGraphicsCallback.runComponents([Ljava/awt/Component;Ljava/awt/Graphics;I)V+194
j  java.awt.Container.paint(Ljava/awt/Graphics;)V+58
j  sun.awt.RepaintArea.paintComponent(Ljava/awt/Component;Ljava/awt/Graphics;)V+6
j  sun.awt.RepaintArea.paint(Ljava/lang/Object;Z)V+326
j  sun.awt.windows.WComponentPeer.handleEvent(Ljava/awt/AWTEvent;)V+155
j  java.awt.Component.dispatchEventImpl(Ljava/awt/AWTEvent;)V+877
j  java.awt.Container.dispatchEventImpl(Ljava/awt/AWTEvent;)V+42
j  java.awt.Component.dispatchEvent(Ljava/awt/AWTEvent;)V+2
j  java.awt.EventQueue.dispatchEventImpl(Ljava/awt/AWTEvent;Ljava/lang/Object;)V+41
j  java.awt.EventQueue.access$400(Ljava/awt/EventQueue;Ljava/awt/AWTEvent;Ljava/lang/Object;)V+3
j  java.awt.EventQueue$3.run()Ljava/lang/Void;+32
j  java.awt.EventQueue$3.run()Ljava/lang/Object;+1
v  ~StubRoutines::call_stub
J 508  java.security.AccessController.doPrivileged(Ljava/security/PrivilegedAction;Ljava/security/AccessControlContext;)Ljava/lang/Object; (0 bytes) @ 0x0000000002568b26 [0x0000000002568ac0+0x66]
J 513 C1 java.security.ProtectionDomain$1.doIntersectionPrivilege(Ljava/security/PrivilegedAction;Ljava/security/AccessControlContext;Ljava/security/AccessControlContext;)Ljava/lang/Object; (32 bytes) @ 0x0000000002569d9c [0x0000000002569aa0+0x2fc]
j  java.security.ProtectionDomain$1.doIntersectionPrivilege(Ljava/security/PrivilegedAction;Ljava/security/AccessControlContext;)Ljava/lang/Object;+6
j  java.awt.EventQueue$4.run()Ljava/lang/Void;+11
j  java.awt.EventQueue$4.run()Ljava/lang/Object;+1
v  ~StubRoutines::call_stub
J 508  java.security.AccessController.doPrivileged(Ljava/security/PrivilegedAction;Ljava/security/AccessControlContext;)Ljava/lang/Object; (0 bytes) @ 0x0000000002568b26 [0x0000000002568ac0+0x66]
J 546 C1 java.awt.EventQueue.dispatchEvent(Ljava/awt/AWTEvent;)V (80 bytes) @ 0x000000000257a7f4 [0x0000000002579b40+0xcb4]
j  java.awt.EventDispatchThread.pumpOneEventForFilters(I)V+245
j  java.awt.EventDispatchThread.pumpEventsForFilter(ILjava/awt/Conditional;Ljava/awt/EventFilter;)V+35
j  java.awt.EventDispatchThread.pumpEventsForHierarchy(ILjava/awt/Conditional;Ljava/awt/Component;)V+11
j  java.awt.EventDispatchThread.pumpEvents(ILjava/awt/Conditional;)V+4
j  java.awt.EventDispatchThread.pumpEvents(Ljava/awt/Conditional;)V+3
j  java.awt.EventDispatchThread.run()V+9
v  ~StubRoutines::call_stub

---------------  P R O C E S S  ---------------

Java Threads: ( => current thread )
  0x0000000018cd8000 JavaThread "TimerQueue" daemon [_thread_blocked, id=12740, stack(0x000000001a1a0000,0x000000001a2a0000)]
  0x0000000018c80000 JavaThread "D3D Screen Updater" daemon [_thread_blocked, id=13920, stack(0x0000000019bb0000,0x0000000019cb0000)]
  0x0000000001e0d800 JavaThread "DestroyJavaVM" [_thread_blocked, id=15576, stack(0x0000000002160000,0x0000000002260000)]
=>0x0000000018c27000 JavaThread "AWT-EventQueue-0" [_thread_in_native, id=14152, stack(0x0000000019290000,0x0000000019390000)]
  0x0000000016077000 JavaThread "AWT-Windows" daemon [_thread_in_native, id=13988, stack(0x0000000016e20000,0x0000000016f20000)]
  0x0000000016075000 JavaThread "AWT-Shutdown" [_thread_blocked, id=14872, stack(0x0000000016d20000,0x0000000016e20000)]
  0x000000001606f800 JavaThread "Java2D Disposer" daemon [_thread_blocked, id=14396, stack(0x0000000016c20000,0x0000000016d20000)]
  0x0000000015d49000 JavaThread "Service Thread" daemon [_thread_blocked, id=4652, stack(0x0000000016900000,0x0000000016a00000)]
  0x000000001499a000 JavaThread "C1 CompilerThread2" daemon [_thread_blocked, id=8812, stack(0x0000000016800000,0x0000000016900000)]
  0x0000000014996800 JavaThread "C2 CompilerThread1" daemon [_thread_blocked, id=14032, stack(0x0000000016700000,0x0000000016800000)]
  0x0000000014989800 JavaThread "C2 CompilerThread0" daemon [_thread_blocked, id=14692, stack(0x0000000016600000,0x0000000016700000)]
  0x0000000015d13000 JavaThread "Attach Listener" daemon [_thread_blocked, id=13964, stack(0x0000000016500000,0x0000000016600000)]
  0x0000000015d12800 JavaThread "Signal Dispatcher" daemon [_thread_blocked, id=12820, stack(0x0000000016400000,0x0000000016500000)]
  0x0000000002354000 JavaThread "Finalizer" daemon [_thread_blocked, id=14508, stack(0x0000000015bd0000,0x0000000015cd0000)]
  0x000000000234a000 JavaThread "Reference Handler" daemon [_thread_blocked, id=8108, stack(0x0000000015ad0000,0x0000000015bd0000)]

Other Threads:
  0x0000000014938000 VMThread [stack: 0x00000000159d0000,0x0000000015ad0000] [id=14108]
  0x0000000015d52000 WatcherThread [stack: 0x0000000016a00000,0x0000000016b00000] [id=14056]

VM state:not at safepoint (normal execution)

VM Mutex/Monitor currently owned by a thread: None

Heap:
 PSYoungGen      total 197632K, used 12197K [0x00000000eb180000, 0x00000000f8380000, 0x0000000100000000)
  eden space 183296K, 6% used [0x00000000eb180000,0x00000000ebd69480,0x00000000f6480000)
  from space 14336K, 0% used [0x00000000f7580000,0x00000000f7580000,0x00000000f8380000)
  to   space 15872K, 0% used [0x00000000f6480000,0x00000000f6480000,0x00000000f7400000)
 ParOldGen       total 685568K, used 496595K [0x00000000c1400000, 0x00000000eb180000, 0x00000000eb180000)
  object space 685568K, 72% used [0x00000000c1400000,0x00000000df8f4d00,0x00000000eb180000)
 Metaspace       used 10331K, capacity 10492K, committed 10624K, reserved 1058816K
  class space    used 1323K, capacity 1348K, committed 1408K, reserved 1048576K

Card table byte_map: [0x0000000011720000,0x0000000011920000] byte_map_base: 0x0000000011116000

Marking Bits: (ParMarkBitMap*) 0x000000005694d490
 Begin Bits: [0x0000000011e70000, 0x0000000012e20000)
 End Bits:   [0x0000000012e20000, 0x0000000013dd0000)

Polling page: 0x0000000000570000

CodeCache: size=245760Kb used=3632Kb max_used=3632Kb free=242127Kb
 bounds [0x0000000002360000, 0x0000000002700000, 0x0000000011360000]
 total_blobs=1455 nmethods=971 adapters=398
 compilation: enabled

Compilation events (10 events):
Event: 68.260 Thread 0x0000000014989800 nmethod 977 0x00000000026d1d50 code [0x00000000026d1ec0, 0x00000000026d2428]
Event: 68.260 Thread 0x0000000014989800  972       4       sun.font.GlyphList::dispose (45 bytes)
Event: 68.260 Thread 0x0000000014989800 nmethod 972 0x00000000026bded0 code [0x00000000026be000, 0x00000000026be0b8]
Event: 68.260 Thread 0x0000000014989800  974   !   4       sun.java2d.SunGraphics2D::drawChars (172 bytes)
Event: 68.269 Thread 0x0000000014989800 nmethod 974 0x00000000026e16d0 code [0x00000000026e18c0, 0x00000000026e1fd0]
Event: 68.289 Thread 0x0000000014996800 nmethod 975 0x00000000026e6a90 code [0x00000000026e6da0, 0x00000000026e9748]
Event: 68.977 Thread 0x000000001499a000  978 %     3       javax.swing.text.PlainView::paint @ 333 (455 bytes)
Event: 68.978 Thread 0x000000001499a000 nmethod 978% 0x00000000026ec790 code [0x00000000026ecb60, 0x00000000026ef9f8]
Event: 68.992 Thread 0x000000001499a000  979       3       javax.swing.text.PlainView::paint (455 bytes)
Event: 68.994 Thread 0x000000001499a000 nmethod 979 0x00000000026f1290 code [0x00000000026f1640, 0x00000000026f42b8]

GC Heap History (10 events):
Event: 61.252 GC heap before
{Heap before GC invocations=151 (full 63):
 PSYoungGen      total 200704K, used 14622K [0x00000000eb180000, 0x00000000f8600000, 0x0000000100000000)
  eden space 182784K, 7% used [0x00000000eb180000,0x00000000ebfc7ab8,0x00000000f6400000)
  from space 17920K, 0% used [0x00000000f6400000,0x00000000f6400000,0x00000000f7580000)
  to   space 16896K, 0% used [0x00000000f7580000,0x00000000f7580000,0x00000000f8600000)
 ParOldGen       total 685568K, used 677760K [0x00000000c1400000, 0x00000000eb180000, 0x00000000eb180000)
  object space 685568K, 98% used [0x00000000c1400000,0x00000000ea9e0198,0x00000000eb180000)
 Metaspace       used 10190K, capacity 10306K, committed 10368K, reserved 1058816K
  class space    used 1320K, capacity 1349K, committed 1408K, reserved 1048576K
Event: 62.079 GC heap after
Heap after GC invocations=151 (full 63):
 PSYoungGen      total 200704K, used 0K [0x00000000eb180000, 0x00000000f8600000, 0x0000000100000000)
  eden space 182784K, 0% used [0x00000000eb180000,0x00000000eb180000,0x00000000f6400000)
  from space 17920K, 0% used [0x00000000f6400000,0x00000000f6400000,0x00000000f7580000)
  to   space 16896K, 0% used [0x00000000f7580000,0x00000000f7580000,0x00000000f8600000)
 ParOldGen       total 685568K, used 491713K [0x00000000c1400000, 0x00000000eb180000, 0x00000000eb180000)
  object space 685568K, 71% used [0x00000000c1400000,0x00000000df4307a8,0x00000000eb180000)
 Metaspace       used 10190K, capacity 10306K, committed 10368K, reserved 1058816K
  class space    used 1320K, capacity 1349K, committed 1408K, reserved 1048576K
}
Event: 62.198 GC heap before
{Heap before GC invocations=152 (full 64):
 PSYoungGen      total 200704K, used 14629K [0x00000000eb180000, 0x00000000f8600000, 0x0000000100000000)
  eden space 182784K, 8% used [0x00000000eb180000,0x00000000ebfc9670,0x00000000f6400000)
  from space 17920K, 0% used [0x00000000f6400000,0x00000000f6400000,0x00000000f7580000)
  to   space 16896K, 0% used [0x00000000f7580000,0x00000000f7580000,0x00000000f8600000)
 ParOldGen       total 685568K, used 681287K [0x00000000c1400000, 0x00000000eb180000, 0x00000000eb180000)
  object space 685568K, 99% used [0x00000000c1400000,0x00000000ead51e60,0x00000000eb180000)
 Metaspace       used 10190K, capacity 10306K, committed 10368K, reserved 1058816K
  class space    used 1320K, capacity 1349K, committed 1408K, reserved 1048576K
Event: 63.034 GC heap after
Heap after GC invocations=152 (full 64):
 PSYoungGen      total 200704K, used 0K [0x00000000eb180000, 0x00000000f8600000, 0x0000000100000000)
  eden space 182784K, 0% used [0x00000000eb180000,0x00000000eb180000,0x00000000f6400000)
  from space 17920K, 0% used [0x00000000f6400000,0x00000000f6400000,0x00000000f7580000)
  to   space 16896K, 0% used [0x00000000f7580000,0x00000000f7580000,0x00000000f8600000)
 ParOldGen       total 685568K, used 494217K [0x00000000c1400000, 0x00000000eb180000, 0x00000000eb180000)
  object space 685568K, 72% used [0x00000000c1400000,0x00000000df6a2478,0x00000000eb180000)
 Metaspace       used 10190K, capacity 10306K, committed 10368K, reserved 1058816K
  class space    used 1320K, capacity 1349K, committed 1408K, reserved 1048576K
}
Event: 63.154 GC heap before
{Heap before GC invocations=153 (full 65):
 PSYoungGen      total 200704K, used 14622K [0x00000000eb180000, 0x00000000f8600000, 0x0000000100000000)
  eden space 182784K, 8% used [0x00000000eb180000,0x00000000ebfc7b00,0x00000000f6400000)
  from space 17920K, 0% used [0x00000000f6400000,0x00000000f6400000,0x00000000f7580000)
  to   space 16896K, 0% used [0x00000000f7580000,0x00000000f7580000,0x00000000f8600000)
 ParOldGen       total 685568K, used 684814K [0x00000000c1400000, 0x00000000eb180000, 0x00000000eb180000)
  object space 685568K, 99% used [0x00000000c1400000,0x00000000eb0c3b30,0x00000000eb180000)
 Metaspace       used 10190K, capacity 10306K, committed 10368K, reserved 1058816K
  class space    used 1320K, capacity 1349K, committed 1408K, reserved 1048576K
Event: 63.987 GC heap after
Heap after GC invocations=153 (full 65):
 PSYoungGen      total 200704K, used 0K [0x00000000eb180000, 0x00000000f8600000, 0x0000000100000000)
  eden space 182784K, 0% used [0x00000000eb180000,0x00000000eb180000,0x00000000f6400000)
  from space 17920K, 0% used [0x00000000f6400000,0x00000000f6400000,0x00000000f7580000)
  to   space 16896K, 0% used [0x00000000f7580000,0x00000000f7580000,0x00000000f8600000)
 ParOldGen       total 685568K, used 496720K [0x00000000c1400000, 0x00000000eb180000, 0x00000000eb180000)
  object space 685568K, 72% used [0x00000000c1400000,0x00000000df9141f8,0x00000000eb180000)
 Metaspace       used 10190K, capacity 10306K, committed 10368K, reserved 1058816K
  class space    used 1320K, capacity 1349K, committed 1408K, reserved 1048576K
}
Event: 63.987 GC heap before
{Heap before GC invocations=154 (full 65):
 PSYoungGen      total 200704K, used 0K [0x00000000eb180000, 0x00000000f8600000, 0x0000000100000000)
  eden space 182784K, 0% used [0x00000000eb180000,0x00000000eb180000,0x00000000f6400000)
  from space 17920K, 0% used [0x00000000f6400000,0x00000000f6400000,0x00000000f7580000)
  to   space 16896K, 0% used [0x00000000f7580000,0x00000000f7580000,0x00000000f8600000)
 ParOldGen       total 685568K, used 496720K [0x00000000c1400000, 0x00000000eb180000, 0x00000000eb180000)
  object space 685568K, 72% used [0x00000000c1400000,0x00000000df9141f8,0x00000000eb180000)
 Metaspace       used 10190K, capacity 10306K, committed 10368K, reserved 1058816K
  class space    used 1320K, capacity 1349K, committed 1408K, reserved 1048576K
Event: 63.989 GC heap after
Heap after GC invocations=154 (full 65):
 PSYoungGen      total 197632K, used 0K [0x00000000eb180000, 0x00000000f8380000, 0x0000000100000000)
  eden space 183296K, 0% used [0x00000000eb180000,0x00000000eb180000,0x00000000f6480000)
  from space 14336K, 0% used [0x00000000f7580000,0x00000000f7580000,0x00000000f8380000)
  to   space 15872K, 0% used [0x00000000f6480000,0x00000000f6480000,0x00000000f7400000)
 ParOldGen       total 685568K, used 496720K [0x00000000c1400000, 0x00000000eb180000, 0x00000000eb180000)
  object space 685568K, 72% used [0x00000000c1400000,0x00000000df9141f8,0x00000000eb180000)
 Metaspace       used 10190K, capacity 10306K, committed 10368K, reserved 1058816K
  class space    used 1320K, capacity 1349K, committed 1408K, reserved 1048576K
}
Event: 63.989 GC heap before
{Heap before GC invocations=155 (full 66):
 PSYoungGen      total 197632K, used 0K [0x00000000eb180000, 0x00000000f8380000, 0x0000000100000000)
  eden space 183296K, 0% used [0x00000000eb180000,0x00000000eb180000,0x00000000f6480000)
  from space 14336K, 0% used [0x00000000f7580000,0x00000000f7580000,0x00000000f8380000)
  to   space 15872K, 0% used [0x00000000f6480000,0x00000000f6480000,0x00000000f7400000)
 ParOldGen       total 685568K, used 496720K [0x00000000c1400000, 0x00000000eb180000, 0x00000000eb180000)
  object space 685568K, 72% used [0x00000000c1400000,0x00000000df9141f8,0x00000000eb180000)
 Metaspace       used 10190K, capacity 10306K, committed 10368K, reserved 1058816K
  class space    used 1320K, capacity 1349K, committed 1408K, reserved 1048576K
Event: 67.699 GC heap after
Heap after GC invocations=155 (full 66):
 PSYoungGen      total 197632K, used 0K [0x00000000eb180000, 0x00000000f8380000, 0x0000000100000000)
  eden space 183296K, 0% used [0x00000000eb180000,0x00000000eb180000,0x00000000f6480000)
  from space 14336K, 0% used [0x00000000f7580000,0x00000000f7580000,0x00000000f8380000)
  to   space 15872K, 0% used [0x00000000f6480000,0x00000000f6480000,0x00000000f7400000)
 ParOldGen       total 685568K, used 496595K [0x00000000c1400000, 0x00000000eb180000, 0x00000000eb180000)
  object space 685568K, 72% used [0x00000000c1400000,0x00000000df8f4d00,0x00000000eb180000)
 Metaspace       used 10186K, capacity 10300K, committed 10368K, reserved 1058816K
  class space    used 1319K, capacity 1348K, committed 1408K, reserved 1048576K
}

Deoptimization events (8 events):
Event: 67.916 Thread 0x0000000018c27000 Uncommon trap: reason=class_check action=maybe_recompile pc=0x000000000260f038 method=javax.swing.RepaintManager.addDirtyRegion0(Ljava/awt/Container;IIII)V @ 16
Event: 67.917 Thread 0x0000000018c27000 Uncommon trap: reason=class_check action=maybe_recompile pc=0x000000000260f038 method=javax.swing.RepaintManager.addDirtyRegion0(Ljava/awt/Container;IIII)V @ 16
Event: 67.918 Thread 0x0000000018c27000 Uncommon trap: reason=class_check action=maybe_recompile pc=0x000000000260f038 method=javax.swing.RepaintManager.addDirtyRegion0(Ljava/awt/Container;IIII)V @ 16
Event: 67.918 Thread 0x0000000018c27000 Uncommon trap: reason=class_check action=maybe_recompile pc=0x000000000260f038 method=javax.swing.RepaintManager.addDirtyRegion0(Ljava/awt/Container;IIII)V @ 16
Event: 67.938 Thread 0x0000000018c27000 Uncommon trap: reason=bimorphic action=maybe_recompile pc=0x000000000263dd20 method=javax.swing.JComponent.getInsets()Ljava/awt/Insets; @ 12
Event: 67.938 Thread 0x0000000018c27000 Uncommon trap: reason=unreached action=reinterpret pc=0x000000000260e980 method=javax.swing.plaf.basic.BasicBorders$MarginBorder.getBorderInsets(Ljava/awt/Component;Ljava/awt/Insets;)Ljava/awt/Insets; @ 6
Event: 67.941 Thread 0x0000000018c27000 Uncommon trap: reason=bimorphic action=maybe_recompile pc=0x000000000263dd20 method=javax.swing.JComponent.getInsets()Ljava/awt/Insets; @ 12
Event: 67.945 Thread 0x0000000018c27000 Uncommon trap: reason=bimorphic action=maybe_recompile pc=0x000000000263dd20 method=javax.swing.JComponent.getInsets()Ljava/awt/Insets; @ 12

Internal exceptions (10 events):
Event: 0.247 Thread 0x0000000001e0d800 Exception <a 'java/io/FileNotFoundException'> (0x00000000eb577ce0) thrown at [D:\re\workspace\8-2-build-windows-amd64-cygwin\jdk8u25\1677\hotspot\src\share\vm\prims\jni.cpp, line 716]
Event: 0.247 Thread 0x0000000001e0d800 Exception <a 'java/lang/NullPointerException'> (0x00000000eb578268) thrown at [D:\re\workspace\8-2-build-windows-amd64-cygwin\jdk8u25\1677\hotspot\src\share\vm\interpreter\linkResolver.cpp, line 1178]
Event: 0.274 Thread 0x0000000001e0d800 Exception <a 'java/security/PrivilegedActionException'> (0x00000000eb5b6da0) thrown at [D:\re\workspace\8-2-build-windows-amd64-cygwin\jdk8u25\1677\hotspot\src\share\vm\prims\jvm.cpp, line 1312]
Event: 0.302 Thread 0x0000000001e0d800 Exception <a 'java/security/PrivilegedActionException'> (0x00000000eb5f1230) thrown at [D:\re\workspace\8-2-build-windows-amd64-cygwin\jdk8u25\1677\hotspot\src\share\vm\prims\jvm.cpp, line 1312]
Event: 0.302 Thread 0x0000000001e0d800 Exception <a 'java/security/PrivilegedActionException'> (0x00000000eb5f1ec0) thrown at [D:\re\workspace\8-2-build-windows-amd64-cygwin\jdk8u25\1677\hotspot\src\share\vm\prims\jvm.cpp, line 1312]
Event: 0.303 Thread 0x0000000001e0d800 Exception <a 'java/security/PrivilegedActionException'> (0x00000000eb5f55f8) thrown at [D:\re\workspace\8-2-build-windows-amd64-cygwin\jdk8u25\1677\hotspot\src\share\vm\prims\jvm.cpp, line 1312]
Event: 0.303 Thread 0x0000000001e0d800 Exception <a 'java/security/PrivilegedActionException'> (0x00000000eb5f6288) thrown at [D:\re\workspace\8-2-build-windows-amd64-cygwin\jdk8u25\1677\hotspot\src\share\vm\prims\jvm.cpp, line 1312]
Event: 67.699 Thread 0x0000000018c27000 Exception <a 'java/lang/OutOfMemoryError'> (0x00000000c1409518) thrown at [D:\re\workspace\8-2-build-windows-amd64-cygwin\jdk8u25\1677\hotspot\src\share\vm\gc_interface/collectedHeap.inline.hpp, line 159]
Event: 67.699 Thread 0x0000000018c27000 Exception <a 'java/lang/OutOfMemoryError'> (0x00000000c1409518) thrown at [D:\re\workspace\8-2-build-windows-amd64-cygwin\jdk8u25\1677\hotspot\src\share\vm\prims\jvm.cpp, line 1316]
Event: 67.699 Thread 0x0000000018c27000 Exception <a 'java/lang/OutOfMemoryError'> (0x00000000c1409518) thrown at [D:\re\workspace\8-2-build-windows-amd64-cygwin\jdk8u25\1677\hotspot\src\share\vm\prims\jvm.cpp, line 1316]

Events (10 events):
Event: 67.938 Thread 0x0000000018c27000 DEOPT UNPACKING pc=0x00000000023a556a sp=0x000000001938c7a0 mode 2
Event: 67.938 Thread 0x0000000018c27000 Uncommon trap: trap_request=0xffffffad fr.pc=0x000000000260e980
Event: 67.938 Thread 0x0000000018c27000 DEOPT PACKING pc=0x000000000260e980 sp=0x000000001938c600
Event: 67.938 Thread 0x0000000018c27000 DEOPT UNPACKING pc=0x00000000023a556a sp=0x000000001938c580 mode 2
Event: 67.941 Thread 0x0000000018c27000 Uncommon trap: trap_request=0xffffffc6 fr.pc=0x000000000263dd20
Event: 67.941 Thread 0x0000000018c27000 DEOPT PACKING pc=0x000000000263dd20 sp=0x000000001938c800
Event: 67.941 Thread 0x0000000018c27000 DEOPT UNPACKING pc=0x00000000023a556a sp=0x000000001938c7a0 mode 2
Event: 67.945 Thread 0x0000000018c27000 Uncommon trap: trap_request=0xffffffc6 fr.pc=0x000000000263dd20
Event: 67.945 Thread 0x0000000018c27000 DEOPT PACKING pc=0x000000000263dd20 sp=0x000000001938c800
Event: 67.945 Thread 0x0000000018c27000 DEOPT UNPACKING pc=0x00000000023a556a sp=0x000000001938c7a0 mode 2


Dynamic libraries:
0x00007ff7cbe00000 - 0x00007ff7cbe34000 	E:\JDK1.8\bin\java.exe
0x00007ffbda710000 - 0x00007ffbda8bc000 	C:\windows\SYSTEM32\ntdll.dll
0x00007ffbda400000 - 0x00007ffbda53a000 	C:\windows\system32\KERNEL32.DLL
0x00007ffbd7a20000 - 0x00007ffbd7b2f000 	C:\windows\system32\KERNELBASE.dll
0x00007ffbd61d0000 - 0x00007ffbd6258000 	C:\windows\system32\apphelp.dll
0x00007ffbd24f0000 - 0x00007ffbd253f000 	C:\windows\AppPatch\AppPatch64\AcGenral.DLL
0x00007ffbd8ae0000 - 0x00007ffbd8b87000 	C:\windows\system32\msvcrt.dll
0x00007ffbd7370000 - 0x00007ffbd739b000 	C:\windows\SYSTEM32\SspiCli.dll
0x00007ffbd87d0000 - 0x00007ffbd8821000 	C:\windows\system32\SHLWAPI.dll
0x00007ffbd8040000 - 0x00007ffbd81b1000 	C:\windows\system32\USER32.dll
0x00007ffbd8630000 - 0x00007ffbd87c4000 	C:\windows\system32\ole32.dll
0x00007ffbd8c90000 - 0x00007ffbda1bb000 	C:\windows\system32\SHELL32.dll
0x00007ffbd6b80000 - 0x00007ffbd6b9e000 	C:\windows\SYSTEM32\USERENV.dll
0x00007ffbd7b50000 - 0x00007ffbd7bf5000 	C:\windows\system32\ADVAPI32.dll
0x00007ffbc6af0000 - 0x00007ffbc6b0b000 	C:\windows\SYSTEM32\MPR.dll
0x00007ffbd7c00000 - 0x00007ffbd7d41000 	C:\windows\system32\RPCRT4.dll
0x00007ffbda6a0000 - 0x00007ffbda6f9000 	C:\windows\SYSTEM32\sechost.dll
0x00007ffbda220000 - 0x00007ffbda3f6000 	C:\windows\SYSTEM32\combase.dll
0x00007ffbd8830000 - 0x00007ffbd8980000 	C:\windows\system32\GDI32.dll
0x00007ffbd7540000 - 0x00007ffbd7554000 	C:\windows\SYSTEM32\profapi.dll
0x00007ffbd5bc0000 - 0x00007ffbd5c5f000 	C:\windows\SYSTEM32\SHCORE.dll
0x00007ffbd85f0000 - 0x00007ffbd8624000 	C:\windows\system32\IMM32.DLL
0x00007ffbd8290000 - 0x00007ffbd83e2000 	C:\windows\system32\MSCTF.dll
0x00007ffbd5310000 - 0x00007ffbd558a000 	C:\windows\WinSxS\amd64_microsoft.windows.common-controls_6595b64144ccf1df_6.0.9600.17810_none_6240b9c7ecbd0bda\COMCTL32.dll
0x00000000572a0000 - 0x0000000057372000 	E:\JDK1.8\bin\msvcr100.dll
0x0000000056170000 - 0x00000000569ca000 	E:\JDK1.8\bin\server\jvm.dll
0x00007ffbd3010000 - 0x00007ffbd3019000 	C:\windows\SYSTEM32\WSOCK32.dll
0x00007ffbd79a0000 - 0x00007ffbd79bf000 	C:\windows\system32\WINMM.dll
0x00007ffbd8980000 - 0x00007ffbd8987000 	C:\windows\system32\PSAPI.DLL
0x00007ffbd7fe0000 - 0x00007ffbd8038000 	C:\windows\system32\WS2_32.dll
0x00007ffbd7620000 - 0x00007ffbd764a000 	C:\windows\system32\WINMMBASE.dll
0x00007ffbda690000 - 0x00007ffbda699000 	C:\windows\system32\NSI.dll
0x00007ffbd7670000 - 0x00007ffbd76ba000 	C:\windows\SYSTEM32\cfgmgr32.dll
0x00007ffbd75f0000 - 0x00007ffbd7616000 	C:\windows\system32\DEVOBJ.dll
0x0000000057460000 - 0x000000005746f000 	E:\JDK1.8\bin\verify.dll
0x0000000056140000 - 0x0000000056168000 	E:\JDK1.8\bin\java.dll
0x0000000056120000 - 0x0000000056136000 	E:\JDK1.8\bin\zip.dll
0x0000000056c70000 - 0x0000000056e08000 	E:\JDK1.8\bin\awt.dll
0x00007ffbd81c0000 - 0x00007ffbd8281000 	C:\windows\system32\OLEAUT32.dll
0x00007ffbd59f0000 - 0x00007ffbd5a10000 	C:\windows\system32\DWMAPI.DLL
0x00007ffbd6300000 - 0x00007ffbd6421000 	C:\windows\system32\uxtheme.dll
0x00007ffbd62f0000 - 0x00007ffbd62fa000 	C:\windows\SYSTEM32\kernel.appcore.dll
0x00007ffbd7400000 - 0x00007ffbd740a000 	C:\windows\SYSTEM32\CRYPTBASE.dll
0x00007ffbd73a0000 - 0x00007ffbd7400000 	C:\windows\SYSTEM32\bcryptPrimitives.dll
0x00007ffbcd060000 - 0x00007ffbcd268000 	C:\windows\system32\d3d9.dll
0x00007ffbd3440000 - 0x00007ffbd344a000 	C:\windows\SYSTEM32\VERSION.dll
0x0000000180000000 - 0x0000000180129000 	C:\windows\system32\nvspcap64.dll
0x00007ffbd76c0000 - 0x00007ffbd7897000 	C:\windows\system32\CRYPT32.dll
0x00007ffbd7650000 - 0x00007ffbd7662000 	C:\windows\system32\MSASN1.dll
0x00007ffbc5ff0000 - 0x00007ffbc6305000 	C:\windows\SYSTEM32\nvapi64.dll
0x00007ffbd83f0000 - 0x00007ffbd85c4000 	C:\windows\system32\SETUPAPI.dll
0x00007ffbd78a0000 - 0x00007ffbd78ec000 	C:\windows\system32\WINTRUST.dll
0x00007ffbaeaa0000 - 0x00007ffbafbf8000 	C:\windows\SYSTEM32\nvd3dumx.dll
0x00007ffbd79c0000 - 0x00007ffbd7a05000 	C:\windows\system32\powrprof.dll
0x0000000057250000 - 0x0000000057297000 	E:\JDK1.8\bin\fontmanager.dll
0x0000000056100000 - 0x000000005611a000 	E:\JDK1.8\bin\net.dll
0x00007ffbd6dd0000 - 0x00007ffbd6e28000 	C:\windows\system32\mswsock.dll
0x00000000560e0000 - 0x00000000560f1000 	E:\JDK1.8\bin\nio.dll
0x0000000057200000 - 0x0000000057241000 	E:\JDK1.8\bin\t2k.dll
0x00000000571c0000 - 0x00000000571f1000 	E:\JDK1.8\bin\jpeg.dll
0x00007ffbda5e0000 - 0x00007ffbda684000 	C:\windows\SYSTEM32\clbcatq.dll
0x00007ffbc6eb0000 - 0x00007ffbc705e000 	C:\windows\SYSTEM32\WindowsCodecs.dll
0x00007ffbd6e30000 - 0x00007ffbd6e4e000 	C:\windows\SYSTEM32\CRYPTSP.dll
0x00007ffbd6a70000 - 0x00007ffbd6aa5000 	C:\windows\system32\rsaenh.dll
0x00007ffbd7070000 - 0x00007ffbd7096000 	C:\windows\SYSTEM32\bcrypt.dll
0x00007ffbc1420000 - 0x00007ffbc15f8000 	C:\windows\system32\SogouTSF.ime
0x00007ffbd3430000 - 0x00007ffbd3437000 	C:\windows\system32\MSIMG32.dll
0x00007ffbd0ad0000 - 0x00007ffbd0b00000 	C:\windows\SYSTEM32\ntmarta.dll
0x00007ffbbfcf0000 - 0x00007ffbc053c000 	C:\windows\system32\SogouPy.ime
0x00007ffbd2680000 - 0x00007ffbd26e3000 	C:\windows\SYSTEM32\OLEACC.dll
0x00007ffbc9e80000 - 0x00007ffbc9eaa000 	C:\Program Files (x86)\SogouInput\Components\SgAppender\1.0.0.207\SgAppender_Dll64.dll
0x000000001d030000 - 0x000000001d10d000 	C:\Program Files (x86)\SogouInput\7.7.0.7006\Resource.dll
0x00007ffbc4e60000 - 0x00007ffbc5088000 	C:\Program Files (x86)\SogouInput\Components\PicFace\1.0.0.1390\PicFace64.dll
0x00007ffbbf400000 - 0x00007ffbbf588000 	C:\windows\SYSTEM32\dbghelp.dll

VM Arguments:
java_command: ATMCaseStudy
java_class_path (initial): E:\JDK1.8\lib\dt.jar£»E:\JDK1.8\lib\tools.jar;F:\workbench\lib\javax.servlet.jar;D:\QT\5.5\msvc2013_64\bin;D:\Qt\Tools\QtCreator\bin;F:\jexcelapi_2_6_6\jexcelapi\jxl.jar;
Launcher Type: SUN_STANDARD

Environment Variables:
CLASSPATH=E:\JDK1.8\lib\dt.jar£»E:\JDK1.8\lib\tools.jar;F:\workbench\lib\javax.servlet.jar;D:\QT\5.5\msvc2013_64\bin;D:\Qt\Tools\QtCreator\bin;F:\jexcelapi_2_6_6\jexcelapi\jxl.jar;
PATH=C:\Users\Y50\AppData\Local\GitHub\PortableGit_c2ba306e536fdf878271f7fe636a147ff37326ad\cmd;C:\Users\Y50\AppData\Local\GitHub\PortableGit_c2ba306e536fdf878271f7fe636a147ff37326ad\bin;C:\Users\Y50\AppData\Local\Apps\2.0\W57TYQLZ.0LT\XHJ6OC6Y.CJ0\gith..tion_317444273a93ac29_0003.0000_30c6a4a3ecafb094;C:\Users\Y50\AppData\Local\GitHub\lfs-amd64_0.5.4;C:\Program Files (x86)\MSBuild\12.0\bin;C:\Program Files (x86)\Lenovo\FusionEngine;C:\Program Files (x86)\NVIDIA Corporation\PhysX\Common;C:\Program Files (x86)\Intel\iCLS Client\;C:\Program Files\Intel\iCLS Client\;C:\windows\system32;C:\windows;C:\windows\System32\Wbem;C:\windows\System32\WindowsPowerShell\v1.0\;C:\Program Files\Intel\Intel(R) Management Engine Components\DAL;C:\Program Files\Intel\Intel(R) Management Engine Components\IPT;C:\Program Files (x86)\Intel\Intel(R) Management Engine Components\DAL;C:\Program Files (x86)\Intel\Intel(R) Management Engine Components\IPT;C:\Program Files\Intel\WiFi\bin\;C:\Program Files\Common Files\Intel\WirelessCommon\;C:\Program Files (x86)\Lenovo\Motion Control\;C:\Program Files (x86)\iFLYTEK\VoiceAssistant\SpeechPlusRuntime;E:\JDK1.8\bin;E:\JDK1.8\bin;E:\JDK1.8\bin;E:\JDK1.8\bin;E:\JDK1.8\bin;C:\Program Files (x86)\Lenovo\Lenovo Home\;C:\Program Files (x86)\Common Files\lenovo\easyplussdk\bin£»F:\adt-bundle-windows-x86_64-20131030\sdk\tools;C:\Program Files\Microsoft SQL Server\120\Tools\Binn\;C:\Program Files (x86)\nodejs\;C:\windows\system32\config\systemprofile\.dnx\bin;C:\Program Files\Microsoft DNX\Dnvm\;C:\Program Files (x86)\Windows Kits\10\Windows Performance Toolkit\;C:\Users\Y50\AppData\Roaming\npm
USERNAME=Y50
OS=Windows_NT
PROCESSOR_IDENTIFIER=Intel64 Family 6 Model 60 Stepping 3, GenuineIntel



---------------  S Y S T E M  ---------------

OS: Windows 8.1 , 64 bit Build 9600 

CPU:total 4 (2 cores per cpu, 2 threads per core) family 6 model 60 stepping 3, cmov, cx8, fxsr, mmx, sse, sse2, sse3, ssse3, sse4.1, sse4.2, popcnt, avx, avx2, aes, clmul, erms, lzcnt, ht, tsc, tscinvbit, bmi1, bmi2

Memory: 4k page, physical 4104472k(440316k free), swap 6798748k(833896k free)

vm_info: Java HotSpot(TM) 64-Bit Server VM (25.25-b02) for windows-amd64 JRE (1.8.0_25-b18), built on Oct  7 2014 14:25:37 by "java_re" with MS VC++ 10.0 (VS2010)

time: Mon Nov 02 22:19:39 2015
elapsed time: 69 seconds (0d 0h 1m 9s)

