#
# A fatal error has been detected by the Java Runtime Environment:
#
#  EXCEPTION_ACCESS_VIOLATION (0xc0000005) at pc=0x0000000056cbe2d0, pid=13304, tid=6000
#
# JRE version: Java(TM) SE Runtime Environment (8.0_25-b18) (build 1.8.0_25-b18)
# Java VM: Java HotSpot(TM) 64-Bit Server VM (25.25-b02 mixed mode windows-amd64 compressed oops)
# Problematic frame:
# C  [awt.dll+0x4e2d0]
#
# Failed to write core dump. Minidumps are not enabled by default on client versions of Windows
#
# If you would like to submit a bug report, please visit:
#   http://bugreport.sun.com/bugreport/crash.jsp
# The crash happened outside the Java Virtual Machine in native code.
# See problematic frame for where to report the bug.
#

---------------  T H R E A D  ---------------

Current thread (0x0000000019439000):  JavaThread "AWT-EventQueue-0" [_thread_in_native, id=6000, stack(0x0000000019a80000,0x0000000019b80000)]

siginfo: ExceptionCode=0xc0000005, reading address 0x0000000118a90000

Registers:
RAX=0x0000000000000000, RBX=0x0000000000000000, RCX=0x0000000000000000, RDX=0x0000000000000005
RSP=0x0000000019b7c610, RBP=0x0000000016813850, RSI=0x0000000118a90000, RDI=0x00000000194d4dea
R8 =0x000000000000002b, R9 =0x0000000000000080, R10=0x0000000019523400, R11=0x0000000000000003
R12=0x0000000000000008, R13=0x00000000ff333333, R14=0x0000000016814d90, R15=0x0000000000000001
RIP=0x0000000056cbe2d0, EFLAGS=0x0000000000010293

Top of Stack: (sp=0x0000000019b7c610)
0x0000000019b7c610:   00000000194d4de8 0000000000000003
0x0000000019b7c620:   0000000019523400 0000000000000040
0x0000000019b7c630:   0000000000000564 000000000000001b
0x0000000019b7c640:   0000000000000033 0000000000000033
0x0000000019b7c650:   0000000000000033 02e885e200000163
0x0000000019b7c660:   000000000017bece 000000000017bec3
0x0000000019b7c670:   0000000056db5c18 00000000194391e8
0x0000000019b7c680:   0000000016814d90 0000000000000064
0x0000000019b7c690:   00000000194b5120 0000000057257b9f
0x0000000019b7c6a0:   0000000019b7c730 0000000000000000
0x0000000019b7c6b0:   0000000000000564 00000000195233e0
0x0000000019b7c6c0:   0000000000000009 0000000000000005
0x0000000019b7c6d0:   000000000017bec3 00007ffb0000015e
0x0000000019b7c6e0:   000000000017bece 0000000000000001
0x0000000019b7c6f0:   0000000016813850 0000000016814d90
0x0000000019b7c700:   0000000056db5c18 0000000019b7c7d0 

Instructions: (pc=0x0000000056cbe2d0)
0x0000000056cbe2b0:   8b c1 0b c1 41 0b c0 0f 84 e8 00 00 00 41 8b c1
0x0000000056cbe2c0:   23 c1 41 23 c0 3d ff 00 00 00 0f 8d d1 00 00 00
0x0000000056cbe2d0:   4c 63 14 9e 48 63 d1 4d 63 d9 4c 8d 0d 5f 12 10
0x0000000056cbe2e0:   00 49 8b c2 48 c1 f8 10 0f b6 c0 42 0f b6 0c 30 


Register to memory mapping:

RAX=0x0000000000000000 is an unknown value
RBX=0x0000000000000000 is an unknown value
RCX=0x0000000000000000 is an unknown value
RDX=0x0000000000000005 is an unknown value
RSP=0x0000000019b7c610 is pointing into the stack for thread: 0x0000000019439000
RBP=0x0000000016813850 is an unknown value
RSI=0x0000000118a90000 is an unknown value
RDI=0x00000000194d4dea is an unknown value
R8 =0x000000000000002b is an unknown value
R9 =0x0000000000000080 is an unknown value
R10=0x0000000019523400 is an unknown value
R11=0x0000000000000003 is an unknown value
R12=0x0000000000000008 is an unknown value
R13=0x00000000ff333333 is an unallocated location in the heap
R14=0x0000000016814d90 is an unknown value
R15=0x0000000000000001 is an unknown value


Stack: [0x0000000019a80000,0x0000000019b80000],  sp=0x0000000019b7c610,  free space=1009k
Native frames: (J=compiled Java code, j=interpreted, Vv=VM code, C=native code)
C  [awt.dll+0x4e2d0]
C  [fontmanager.dll+0x7b9f]
C  [fontmanager.dll+0x7ce3]
C  0x0000000002dc1dba

Java frames: (J=compiled Java code, j=interpreted, Vv=VM code)
J 871  sun.java2d.loops.DrawGlyphListLCD.DrawGlyphListLCD(Lsun/java2d/SunGraphics2D;Lsun/java2d/SurfaceData;Lsun/font/GlyphList;)V (0 bytes) @ 0x0000000002dc1d3c [0x0000000002dc1cc0+0x7c]
J 902 C2 sun.swing.SwingUtilities2.drawChars(Ljavax/swing/JComponent;Ljava/awt/Graphics;[CIIII)I (379 bytes) @ 0x0000000002df2380 [0x0000000002df11e0+0x11a0]
J 880 C2 javax.swing.text.Utilities.drawTabbedText(Ljavax/swing/text/View;Ljavax/swing/text/Segment;IILjava/awt/Graphics;Ljavax/swing/text/TabExpander;I[I)I (409 bytes) @ 0x0000000002dd8530 [0x0000000002dd7f20+0x610]
J 919 C2 javax.swing.text.PlainView.drawUnselectedText(Ljava/awt/Graphics;IIII)I (57 bytes) @ 0x0000000002dfc4f0 [0x0000000002dfc140+0x3b0]
J 917 C2 javax.swing.text.PlainView.drawElement(ILjavax/swing/text/Element;Ljava/awt/Graphics;II)I (399 bytes) @ 0x0000000002de9600 [0x0000000002de9460+0x1a0]
J 916 C2 javax.swing.text.PlainView.drawLine(ILjava/awt/Graphics;II)V (118 bytes) @ 0x0000000002de6d8c [0x0000000002de6d00+0x8c]
J 925% C1 javax.swing.text.PlainView.paint(Ljava/awt/Graphics;Ljava/awt/Shape;)V (455 bytes) @ 0x0000000002e06f34 [0x0000000002e04720+0x2814]
j  javax.swing.plaf.basic.BasicTextUI$RootView.paint(Ljava/awt/Graphics;Ljava/awt/Shape;)V+48
j  javax.swing.plaf.basic.BasicTextUI.paintSafely(Ljava/awt/Graphics;)V+65
j  javax.swing.plaf.basic.BasicTextUI.paint(Ljava/awt/Graphics;Ljavax/swing/JComponent;)V+45
j  javax.swing.plaf.basic.BasicTextUI.update(Ljava/awt/Graphics;Ljavax/swing/JComponent;)V+3
j  javax.swing.JComponent.paintComponent(Ljava/awt/Graphics;)V+26
j  javax.swing.JComponent.paint(Ljava/awt/Graphics;)V+286
j  java.awt.GraphicsCallback$PaintCallback.run(Ljava/awt/Component;Ljava/awt/Graphics;)V+2
j  sun.awt.SunGraphicsCallback.runOneComponent(Ljava/awt/Component;Ljava/awt/Rectangle;Ljava/awt/Graphics;Ljava/awt/Shape;I)V+155
j  sun.awt.SunGraphicsCallback.runComponents([Ljava/awt/Component;Ljava/awt/Graphics;I)V+194
j  java.awt.Container.paint(Ljava/awt/Graphics;)V+58
j  sun.awt.RepaintArea.paintComponent(Ljava/awt/Component;Ljava/awt/Graphics;)V+6
j  sun.awt.RepaintArea.paint(Ljava/lang/Object;Z)V+326
j  sun.awt.windows.WComponentPeer.handleEvent(Ljava/awt/AWTEvent;)V+155
j  java.awt.Component.dispatchEventImpl(Ljava/awt/AWTEvent;)V+877
j  java.awt.Container.dispatchEventImpl(Ljava/awt/AWTEvent;)V+42
j  java.awt.Component.dispatchEvent(Ljava/awt/AWTEvent;)V+2
j  java.awt.EventQueue.dispatchEventImpl(Ljava/awt/AWTEvent;Ljava/lang/Object;)V+41
j  java.awt.EventQueue.access$400(Ljava/awt/EventQueue;Ljava/awt/AWTEvent;Ljava/lang/Object;)V+3
j  java.awt.EventQueue$3.run()Ljava/lang/Void;+32
j  java.awt.EventQueue$3.run()Ljava/lang/Object;+1
v  ~StubRoutines::call_stub
J 504  java.security.AccessController.doPrivileged(Ljava/security/PrivilegedAction;Ljava/security/AccessControlContext;)Ljava/lang/Object; (0 bytes) @ 0x0000000002ca85a6 [0x0000000002ca8540+0x66]
J 508 C1 java.security.ProtectionDomain$1.doIntersectionPrivilege(Ljava/security/PrivilegedAction;Ljava/security/AccessControlContext;Ljava/security/AccessControlContext;)Ljava/lang/Object; (32 bytes) @ 0x0000000002cab1dc [0x0000000002caaee0+0x2fc]
j  java.security.ProtectionDomain$1.doIntersectionPrivilege(Ljava/security/PrivilegedAction;Ljava/security/AccessControlContext;)Ljava/lang/Object;+6
j  java.awt.EventQueue$4.run()Ljava/lang/Void;+11
j  java.awt.EventQueue$4.run()Ljava/lang/Object;+1
v  ~StubRoutines::call_stub
J 504  java.security.AccessController.doPrivileged(Ljava/security/PrivilegedAction;Ljava/security/AccessControlContext;)Ljava/lang/Object; (0 bytes) @ 0x0000000002ca85a6 [0x0000000002ca8540+0x66]
J 508 C1 java.security.ProtectionDomain$1.doIntersectionPrivilege(Ljava/security/PrivilegedAction;Ljava/security/AccessControlContext;Ljava/security/AccessControlContext;)Ljava/lang/Object; (32 bytes) @ 0x0000000002cab1dc [0x0000000002caaee0+0x2fc]
j  java.awt.EventQueue.dispatchEvent(Ljava/awt/AWTEvent;)V+73
j  java.awt.EventDispatchThread.pumpOneEventForFilters(I)V+245
j  java.awt.EventDispatchThread.pumpEventsForFilter(ILjava/awt/Conditional;Ljava/awt/EventFilter;)V+35
j  java.awt.EventDispatchThread.pumpEventsForHierarchy(ILjava/awt/Conditional;Ljava/awt/Component;)V+11
j  java.awt.EventDispatchThread.pumpEvents(ILjava/awt/Conditional;)V+4
j  java.awt.EventDispatchThread.pumpEvents(Ljava/awt/Conditional;)V+3
j  java.awt.EventDispatchThread.run()V+9
v  ~StubRoutines::call_stub

---------------  P R O C E S S  ---------------

Java Threads: ( => current thread )
  0x00000000194bf800 JavaThread "TimerQueue" daemon [_thread_blocked, id=6916, stack(0x000000001aa00000,0x000000001ab00000)]
  0x00000000194b7800 JavaThread "D3D Screen Updater" daemon [_thread_blocked, id=7796, stack(0x000000001a410000,0x000000001a510000)]
  0x000000000258d800 JavaThread "DestroyJavaVM" [_thread_blocked, id=12396, stack(0x0000000002590000,0x0000000002690000)]
=>0x0000000019439000 JavaThread "AWT-EventQueue-0" [_thread_in_native, id=6000, stack(0x0000000019a80000,0x0000000019b80000)]
  0x00000000167c6800 JavaThread "AWT-Windows" daemon [_thread_in_native, id=9080, stack(0x00000000175e0000,0x00000000176e0000)]
  0x00000000167c4000 JavaThread "AWT-Shutdown" [_thread_blocked, id=496, stack(0x00000000174e0000,0x00000000175e0000)]
  0x0000000016655800 JavaThread "Java2D Disposer" daemon [_thread_blocked, id=2408, stack(0x00000000173e0000,0x00000000174e0000)]
  0x000000001648e800 JavaThread "Service Thread" daemon [_thread_blocked, id=13980, stack(0x0000000017050000,0x0000000017150000)]
  0x00000000150d7800 JavaThread "C1 CompilerThread2" daemon [_thread_blocked, id=13688, stack(0x0000000016f50000,0x0000000017050000)]
  0x00000000150d3800 JavaThread "C2 CompilerThread1" daemon [_thread_blocked, id=14452, stack(0x0000000016e50000,0x0000000016f50000)]
  0x0000000016463800 JavaThread "C2 CompilerThread0" daemon [_thread_blocked, id=16712, stack(0x0000000016d50000,0x0000000016e50000)]
  0x0000000016462800 JavaThread "Attach Listener" daemon [_thread_blocked, id=16044, stack(0x0000000016c50000,0x0000000016d50000)]
  0x00000000150a8800 JavaThread "Signal Dispatcher" daemon [_thread_blocked, id=8780, stack(0x0000000016b50000,0x0000000016c50000)]
  0x0000000002a93000 JavaThread "Finalizer" daemon [_thread_blocked, id=4300, stack(0x0000000016320000,0x0000000016420000)]
  0x0000000002a8a000 JavaThread "Reference Handler" daemon [_thread_blocked, id=11796, stack(0x0000000016220000,0x0000000016320000)]

Other Threads:
  0x0000000015078000 VMThread [stack: 0x0000000016120000,0x0000000016220000] [id=13340]
  0x00000000164a0000 WatcherThread [stack: 0x0000000017150000,0x0000000017250000] [id=3912]

VM state:not at safepoint (normal execution)

VM Mutex/Monitor currently owned by a thread: None

Heap:
 PSYoungGen      total 185856K, used 13038K [0x00000000eb180000, 0x00000000f6e00000, 0x0000000100000000)
  eden space 179200K, 7% used [0x00000000eb180000,0x00000000ebe3b930,0x00000000f6080000)
  from space 6656K, 0% used [0x00000000f6080000,0x00000000f6080000,0x00000000f6700000)
  to   space 6656K, 0% used [0x00000000f6780000,0x00000000f6780000,0x00000000f6e00000)
 ParOldGen       total 685568K, used 496584K [0x00000000c1400000, 0x00000000eb180000, 0x00000000eb180000)
  object space 685568K, 72% used [0x00000000c1400000,0x00000000df8f2078,0x00000000eb180000)
 Metaspace       used 10273K, capacity 10428K, committed 10624K, reserved 1058816K
  class space    used 1323K, capacity 1348K, committed 1408K, reserved 1048576K

Card table byte_map: [0x0000000011e60000,0x0000000012060000] byte_map_base: 0x0000000011856000

Marking Bits: (ParMarkBitMap*) 0x000000005694d490
 Begin Bits: [0x00000000125b0000, 0x0000000013560000)
 End Bits:   [0x0000000013560000, 0x0000000014510000)

Polling page: 0x00000000024f0000

CodeCache: size=245760Kb used=3481Kb max_used=3481Kb free=242278Kb
 bounds [0x0000000002aa0000, 0x0000000002e10000, 0x0000000011aa0000]
 total_blobs=1410 nmethods=926 adapters=398
 compilation: enabled

Compilation events (10 events):
Event: 69.612 Thread 0x0000000016463800 nmethod 921 0x0000000002e01a50 code [0x0000000002e01cc0, 0x0000000002e03208]
Event: 69.612 Thread 0x0000000016463800  923       4       sun.font.GlyphList::setFromChars (93 bytes)
Event: 69.617 Thread 0x0000000016463800 nmethod 923 0x0000000002de8050 code [0x0000000002de81c0, 0x0000000002de8728]
Event: 69.617 Thread 0x0000000016463800  924       4       sun.java2d.windows.GDIWindowSurfaceData::validatePipe (282 bytes)
Event: 69.621 Thread 0x0000000016463800 nmethod 924 0x0000000002de7950 code [0x0000000002de7ae0, 0x0000000002de7e70]
Event: 69.622 Thread 0x00000000150d3800 nmethod 922 0x0000000002dec750 code [0x0000000002dec960, 0x0000000002deda10]
Event: 70.313 Thread 0x00000000150d7800  925 %     3       javax.swing.text.PlainView::paint @ 333 (455 bytes)
Event: 70.315 Thread 0x00000000150d7800 nmethod 925% 0x0000000002e04350 code [0x0000000002e04720, 0x0000000002e075b8]
Event: 70.331 Thread 0x00000000150d7800  926       3       javax.swing.text.PlainView::paint (455 bytes)
Event: 70.332 Thread 0x00000000150d7800 nmethod 926 0x0000000002e08e50 code [0x0000000002e09200, 0x0000000002e0be78]

GC Heap History (10 events):
Event: 62.893 GC heap before
{Heap before GC invocations=165 (full 75):
 PSYoungGen      total 185344K, used 14338K [0x00000000eb180000, 0x00000000f6d80000, 0x0000000100000000)
  eden space 179200K, 8% used [0x00000000eb180000,0x00000000ebf80800,0x00000000f6080000)
  from space 6144K, 0% used [0x00000000f6780000,0x00000000f6780000,0x00000000f6d80000)
  to   space 6656K, 0% used [0x00000000f6080000,0x00000000f6080000,0x00000000f6700000)
 ParOldGen       total 685568K, used 677757K [0x00000000c1400000, 0x00000000eb180000, 0x00000000eb180000)
  object space 685568K, 98% used [0x00000000c1400000,0x00000000ea9df690,0x00000000eb180000)
 Metaspace       used 10156K, capacity 10306K, committed 10368K, reserved 1058816K
  class space    used 1320K, capacity 1349K, committed 1408K, reserved 1048576K
Event: 63.657 GC heap after
Heap after GC invocations=165 (full 75):
 PSYoungGen      total 185344K, used 0K [0x00000000eb180000, 0x00000000f6d80000, 0x0000000100000000)
  eden space 179200K, 0% used [0x00000000eb180000,0x00000000eb180000,0x00000000f6080000)
  from space 6144K, 0% used [0x00000000f6780000,0x00000000f6780000,0x00000000f6d80000)
  to   space 6656K, 0% used [0x00000000f6080000,0x00000000f6080000,0x00000000f6700000)
 ParOldGen       total 685568K, used 491711K [0x00000000c1400000, 0x00000000eb180000, 0x00000000eb180000)
  object space 685568K, 71% used [0x00000000c1400000,0x00000000df42fca0,0x00000000eb180000)
 Metaspace       used 10156K, capacity 10306K, committed 10368K, reserved 1058816K
  class space    used 1320K, capacity 1349K, committed 1408K, reserved 1048576K
}
Event: 63.767 GC heap before
{Heap before GC invocations=166 (full 76):
 PSYoungGen      total 185344K, used 14338K [0x00000000eb180000, 0x00000000f6d80000, 0x0000000100000000)
  eden space 179200K, 8% used [0x00000000eb180000,0x00000000ebf80808,0x00000000f6080000)
  from space 6144K, 0% used [0x00000000f6780000,0x00000000f6780000,0x00000000f6d80000)
  to   space 6656K, 0% used [0x00000000f6080000,0x00000000f6080000,0x00000000f6700000)
 ParOldGen       total 685568K, used 681284K [0x00000000c1400000, 0x00000000eb180000, 0x00000000eb180000)
  object space 685568K, 99% used [0x00000000c1400000,0x00000000ead51358,0x00000000eb180000)
 Metaspace       used 10156K, capacity 10306K, committed 10368K, reserved 1058816K
  class space    used 1320K, capacity 1349K, committed 1408K, reserved 1048576K
Event: 64.563 GC heap after
Heap after GC invocations=166 (full 76):
 PSYoungGen      total 185344K, used 0K [0x00000000eb180000, 0x00000000f6d80000, 0x0000000100000000)
  eden space 179200K, 0% used [0x00000000eb180000,0x00000000eb180000,0x00000000f6080000)
  from space 6144K, 0% used [0x00000000f6780000,0x00000000f6780000,0x00000000f6d80000)
  to   space 6656K, 0% used [0x00000000f6080000,0x00000000f6080000,0x00000000f6700000)
 ParOldGen       total 685568K, used 494214K [0x00000000c1400000, 0x00000000eb180000, 0x00000000eb180000)
  object space 685568K, 72% used [0x00000000c1400000,0x00000000df6a18a0,0x00000000eb180000)
 Metaspace       used 10156K, capacity 10306K, committed 10368K, reserved 1058816K
  class space    used 1320K, capacity 1349K, committed 1408K, reserved 1048576K
}
Event: 64.673 GC heap before
{Heap before GC invocations=167 (full 77):
 PSYoungGen      total 185344K, used 14338K [0x00000000eb180000, 0x00000000f6d80000, 0x0000000100000000)
  eden space 179200K, 8% used [0x00000000eb180000,0x00000000ebf80860,0x00000000f6080000)
  from space 6144K, 0% used [0x00000000f6780000,0x00000000f6780000,0x00000000f6d80000)
  to   space 6656K, 0% used [0x00000000f6080000,0x00000000f6080000,0x00000000f6700000)
 ParOldGen       total 685568K, used 684811K [0x00000000c1400000, 0x00000000eb180000, 0x00000000eb180000)
  object space 685568K, 99% used [0x00000000c1400000,0x00000000eb0c2f58,0x00000000eb180000)
 Metaspace       used 10156K, capacity 10306K, committed 10368K, reserved 1058816K
  class space    used 1320K, capacity 1349K, committed 1408K, reserved 1048576K
Event: 65.486 GC heap after
Heap after GC invocations=167 (full 77):
 PSYoungGen      total 185344K, used 0K [0x00000000eb180000, 0x00000000f6d80000, 0x0000000100000000)
  eden space 179200K, 0% used [0x00000000eb180000,0x00000000eb180000,0x00000000f6080000)
  from space 6144K, 0% used [0x00000000f6780000,0x00000000f6780000,0x00000000f6d80000)
  to   space 6656K, 0% used [0x00000000f6080000,0x00000000f6080000,0x00000000f6700000)
 ParOldGen       total 685568K, used 496717K [0x00000000c1400000, 0x00000000eb180000, 0x00000000eb180000)
  object space 685568K, 72% used [0x00000000c1400000,0x00000000df913620,0x00000000eb180000)
 Metaspace       used 10156K, capacity 10306K, committed 10368K, reserved 1058816K
  class space    used 1320K, capacity 1349K, committed 1408K, reserved 1048576K
}
Event: 65.486 GC heap before
{Heap before GC invocations=168 (full 77):
 PSYoungGen      total 185344K, used 0K [0x00000000eb180000, 0x00000000f6d80000, 0x0000000100000000)
  eden space 179200K, 0% used [0x00000000eb180000,0x00000000eb180000,0x00000000f6080000)
  from space 6144K, 0% used [0x00000000f6780000,0x00000000f6780000,0x00000000f6d80000)
  to   space 6656K, 0% used [0x00000000f6080000,0x00000000f6080000,0x00000000f6700000)
 ParOldGen       total 685568K, used 496717K [0x00000000c1400000, 0x00000000eb180000, 0x00000000eb180000)
  object space 685568K, 72% used [0x00000000c1400000,0x00000000df913620,0x00000000eb180000)
 Metaspace       used 10156K, capacity 10306K, committed 10368K, reserved 1058816K
  class space    used 1320K, capacity 1349K, committed 1408K, reserved 1048576K
Event: 65.487 GC heap after
Heap after GC invocations=168 (full 77):
 PSYoungGen      total 185856K, used 0K [0x00000000eb180000, 0x00000000f6e00000, 0x0000000100000000)
  eden space 179200K, 0% used [0x00000000eb180000,0x00000000eb180000,0x00000000f6080000)
  from space 6656K, 0% used [0x00000000f6080000,0x00000000f6080000,0x00000000f6700000)
  to   space 6656K, 0% used [0x00000000f6780000,0x00000000f6780000,0x00000000f6e00000)
 ParOldGen       total 685568K, used 496717K [0x00000000c1400000, 0x00000000eb180000, 0x00000000eb180000)
  object space 685568K, 72% used [0x00000000c1400000,0x00000000df913620,0x00000000eb180000)
 Metaspace       used 10156K, capacity 10306K, committed 10368K, reserved 1058816K
  class space    used 1320K, capacity 1349K, committed 1408K, reserved 1048576K
}
Event: 65.487 GC heap before
{Heap before GC invocations=169 (full 78):
 PSYoungGen      total 185856K, used 0K [0x00000000eb180000, 0x00000000f6e00000, 0x0000000100000000)
  eden space 179200K, 0% used [0x00000000eb180000,0x00000000eb180000,0x00000000f6080000)
  from space 6656K, 0% used [0x00000000f6080000,0x00000000f6080000,0x00000000f6700000)
  to   space 6656K, 0% used [0x00000000f6780000,0x00000000f6780000,0x00000000f6e00000)
 ParOldGen       total 685568K, used 496717K [0x00000000c1400000, 0x00000000eb180000, 0x00000000eb180000)
  object space 685568K, 72% used [0x00000000c1400000,0x00000000df913620,0x00000000eb180000)
 Metaspace       used 10156K, capacity 10306K, committed 10368K, reserved 1058816K
  class space    used 1320K, capacity 1349K, committed 1408K, reserved 1048576K
Event: 69.125 GC heap after
Heap after GC invocations=169 (full 78):
 PSYoungGen      total 185856K, used 0K [0x00000000eb180000, 0x00000000f6e00000, 0x0000000100000000)
  eden space 179200K, 0% used [0x00000000eb180000,0x00000000eb180000,0x00000000f6080000)
  from space 6656K, 0% used [0x00000000f6080000,0x00000000f6080000,0x00000000f6700000)
  to   space 6656K, 0% used [0x00000000f6780000,0x00000000f6780000,0x00000000f6e00000)
 ParOldGen       total 685568K, used 496584K [0x00000000c1400000, 0x00000000eb180000, 0x00000000eb180000)
  object space 685568K, 72% used [0x00000000c1400000,0x00000000df8f2078,0x00000000eb180000)
 Metaspace       used 10152K, capacity 10300K, committed 10368K, reserved 1058816K
  class space    used 1319K, capacity 1348K, committed 1408K, reserved 1048576K
}

Deoptimization events (9 events):
Event: 69.273 Thread 0x0000000019439000 Uncommon trap: reason=unreached action=reinterpret pc=0x0000000002d6b2f4 method=java.util.IdentityHashMap.get(Ljava/lang/Object;)Ljava/lang/Object; @ 31
Event: 69.273 Thread 0x0000000019439000 Uncommon trap: reason=unreached action=reinterpret pc=0x0000000002d65b6c method=java.util.IdentityHashMap.get(Ljava/lang/Object;)Ljava/lang/Object; @ 31
Event: 69.274 Thread 0x0000000019439000 Uncommon trap: reason=unreached action=reinterpret pc=0x0000000002d66784 method=java.util.IdentityHashMap.get(Ljava/lang/Object;)Ljava/lang/Object; @ 31
Event: 69.274 Thread 0x0000000019439000 Uncommon trap: reason=unreached action=reinterpret pc=0x0000000002d2ffb4 method=java.util.IdentityHashMap.get(Ljava/lang/Object;)Ljava/lang/Object; @ 31
Event: 69.274 Thread 0x0000000019439000 Uncommon trap: reason=class_check action=maybe_recompile pc=0x0000000002d2c298 method=javax.swing.RepaintManager.addDirtyRegion0(Ljava/awt/Container;IIII)V @ 16
Event: 69.276 Thread 0x0000000019439000 Uncommon trap: reason=class_check action=maybe_recompile pc=0x0000000002d2c298 method=javax.swing.RepaintManager.addDirtyRegion0(Ljava/awt/Container;IIII)V @ 16
Event: 69.276 Thread 0x0000000019439000 Uncommon trap: reason=class_check action=maybe_recompile pc=0x0000000002d2c298 method=javax.swing.RepaintManager.addDirtyRegion0(Ljava/awt/Container;IIII)V @ 16
Event: 69.276 Thread 0x0000000019439000 Uncommon trap: reason=class_check action=maybe_recompile pc=0x0000000002d2c298 method=javax.swing.RepaintManager.addDirtyRegion0(Ljava/awt/Container;IIII)V @ 16
Event: 69.294 Thread 0x0000000019439000 Uncommon trap: reason=unreached action=reinterpret pc=0x0000000002d38ac0 method=javax.swing.plaf.basic.BasicBorders$MarginBorder.getBorderInsets(Ljava/awt/Component;Ljava/awt/Insets;)Ljava/awt/Insets; @ 6

Internal exceptions (10 events):
Event: 1.126 Thread 0x000000000258d800 Exception <a 'java/io/FileNotFoundException'> (0x00000000eb578838) thrown at [D:\re\workspace\8-2-build-windows-amd64-cygwin\jdk8u25\1677\hotspot\src\share\vm\prims\jni.cpp, line 716]
Event: 1.126 Thread 0x000000000258d800 Exception <a 'java/lang/NullPointerException'> (0x00000000eb578dc0) thrown at [D:\re\workspace\8-2-build-windows-amd64-cygwin\jdk8u25\1677\hotspot\src\share\vm\interpreter\linkResolver.cpp, line 1178]
Event: 1.154 Thread 0x000000000258d800 Exception <a 'java/security/PrivilegedActionException'> (0x00000000eb5b7888) thrown at [D:\re\workspace\8-2-build-windows-amd64-cygwin\jdk8u25\1677\hotspot\src\share\vm\prims\jvm.cpp, line 1312]
Event: 1.183 Thread 0x000000000258d800 Exception <a 'java/security/PrivilegedActionException'> (0x00000000eb5f1d18) thrown at [D:\re\workspace\8-2-build-windows-amd64-cygwin\jdk8u25\1677\hotspot\src\share\vm\prims\jvm.cpp, line 1312]
Event: 1.183 Thread 0x000000000258d800 Exception <a 'java/security/PrivilegedActionException'> (0x00000000eb5f29a8) thrown at [D:\re\workspace\8-2-build-windows-amd64-cygwin\jdk8u25\1677\hotspot\src\share\vm\prims\jvm.cpp, line 1312]
Event: 1.184 Thread 0x000000000258d800 Exception <a 'java/security/PrivilegedActionException'> (0x00000000eb5f60e0) thrown at [D:\re\workspace\8-2-build-windows-amd64-cygwin\jdk8u25\1677\hotspot\src\share\vm\prims\jvm.cpp, line 1312]
Event: 1.184 Thread 0x000000000258d800 Exception <a 'java/security/PrivilegedActionException'> (0x00000000eb5f6d70) thrown at [D:\re\workspace\8-2-build-windows-amd64-cygwin\jdk8u25\1677\hotspot\src\share\vm\prims\jvm.cpp, line 1312]
Event: 69.125 Thread 0x0000000019439000 Exception <a 'java/lang/OutOfMemoryError'> (0x00000000c14310c8) thrown at [D:\re\workspace\8-2-build-windows-amd64-cygwin\jdk8u25\1677\hotspot\src\share\vm\gc_interface/collectedHeap.inline.hpp, line 159]
Event: 69.125 Thread 0x0000000019439000 Exception <a 'java/lang/OutOfMemoryError'> (0x00000000c14310c8) thrown at [D:\re\workspace\8-2-build-windows-amd64-cygwin\jdk8u25\1677\hotspot\src\share\vm\prims\jvm.cpp, line 1316]
Event: 69.125 Thread 0x0000000019439000 Exception <a 'java/lang/OutOfMemoryError'> (0x00000000c14310c8) thrown at [D:\re\workspace\8-2-build-windows-amd64-cygwin\jdk8u25\1677\hotspot\src\share\vm\prims\jvm.cpp, line 1316]

Events (10 events):
Event: 69.276 Thread 0x0000000019439000 DEOPT UNPACKING pc=0x0000000002ae556a sp=0x0000000019b7c950 mode 2
Event: 69.291 loading class sun/java2d/loops/Blit$GeneralMaskBlit
Event: 69.291 loading class sun/java2d/loops/Blit$GeneralMaskBlit done
Event: 69.291 loading class sun/java2d/loops/MaskBlit$General
Event: 69.291 loading class sun/java2d/loops/GraphicsPrimitive$GeneralBinaryOp
Event: 69.291 loading class sun/java2d/loops/GraphicsPrimitive$GeneralBinaryOp done
Event: 69.291 loading class sun/java2d/loops/MaskBlit$General done
Event: 69.294 Thread 0x0000000019439000 Uncommon trap: trap_request=0xffffffad fr.pc=0x0000000002d38ac0
Event: 69.294 Thread 0x0000000019439000 DEOPT PACKING pc=0x0000000002d38ac0 sp=0x0000000019b7c990
Event: 69.294 Thread 0x0000000019439000 DEOPT UNPACKING pc=0x0000000002ae556a sp=0x0000000019b7c910 mode 2


Dynamic libraries:
0x00007ff7cbe00000 - 0x00007ff7cbe34000 	E:\JDK1.8\bin\java.exe
0x00007ffbda710000 - 0x00007ffbda8bc000 	C:\windows\SYSTEM32\ntdll.dll
0x00007ffbda400000 - 0x00007ffbda53a000 	C:\windows\system32\KERNEL32.DLL
0x00007ffbd7a20000 - 0x00007ffbd7b2f000 	C:\windows\system32\KERNELBASE.dll
0x00007ffbd61d0000 - 0x00007ffbd6258000 	C:\windows\system32\apphelp.dll
0x00007ffbc9da0000 - 0x00007ffbc9def000 	C:\windows\AppPatch\AppPatch64\AcGenral.DLL
0x00007ffbd8ae0000 - 0x00007ffbd8b87000 	C:\windows\system32\msvcrt.dll
0x00007ffbd7370000 - 0x00007ffbd739b000 	C:\windows\SYSTEM32\SspiCli.dll
0x00007ffbd87d0000 - 0x00007ffbd8821000 	C:\windows\system32\SHLWAPI.dll
0x00007ffbd8040000 - 0x00007ffbd81b1000 	C:\windows\system32\USER32.dll
0x00007ffbd8630000 - 0x00007ffbd87c4000 	C:\windows\system32\ole32.dll
0x00007ffbd8c90000 - 0x00007ffbda1bb000 	C:\windows\system32\SHELL32.dll
0x00007ffbd6b80000 - 0x00007ffbd6b9e000 	C:\windows\SYSTEM32\USERENV.dll
0x00007ffbd7b50000 - 0x00007ffbd7bf5000 	C:\windows\system32\ADVAPI32.dll
0x00007ffbc6af0000 - 0x00007ffbc6b0b000 	C:\windows\SYSTEM32\MPR.dll
0x00007ffbd7c00000 - 0x00007ffbd7d41000 	C:\windows\system32\RPCRT4.dll
0x00007ffbda6a0000 - 0x00007ffbda6f9000 	C:\windows\SYSTEM32\sechost.dll
0x00007ffbda220000 - 0x00007ffbda3f6000 	C:\windows\SYSTEM32\combase.dll
0x00007ffbd8830000 - 0x00007ffbd8980000 	C:\windows\system32\GDI32.dll
0x00007ffbd7540000 - 0x00007ffbd7554000 	C:\windows\SYSTEM32\profapi.dll
0x00007ffbd5bc0000 - 0x00007ffbd5c5f000 	C:\windows\SYSTEM32\SHCORE.dll
0x00007ffbd85f0000 - 0x00007ffbd8624000 	C:\windows\system32\IMM32.DLL
0x00007ffbd8290000 - 0x00007ffbd83e2000 	C:\windows\system32\MSCTF.dll
0x00007ffbd5310000 - 0x00007ffbd558a000 	C:\windows\WinSxS\amd64_microsoft.windows.common-controls_6595b64144ccf1df_6.0.9600.17810_none_6240b9c7ecbd0bda\COMCTL32.dll
0x00000000572a0000 - 0x0000000057372000 	E:\JDK1.8\bin\msvcr100.dll
0x0000000056170000 - 0x00000000569ca000 	E:\JDK1.8\bin\server\jvm.dll
0x00007ffbd3010000 - 0x00007ffbd3019000 	C:\windows\SYSTEM32\WSOCK32.dll
0x00007ffbd79a0000 - 0x00007ffbd79bf000 	C:\windows\system32\WINMM.dll
0x00007ffbd8980000 - 0x00007ffbd8987000 	C:\windows\system32\PSAPI.DLL
0x00007ffbd7fe0000 - 0x00007ffbd8038000 	C:\windows\system32\WS2_32.dll
0x00007ffbd7620000 - 0x00007ffbd764a000 	C:\windows\system32\WINMMBASE.dll
0x00007ffbda690000 - 0x00007ffbda699000 	C:\windows\system32\NSI.dll
0x00007ffbd7670000 - 0x00007ffbd76ba000 	C:\windows\SYSTEM32\cfgmgr32.dll
0x00007ffbd75f0000 - 0x00007ffbd7616000 	C:\windows\system32\DEVOBJ.dll
0x0000000057460000 - 0x000000005746f000 	E:\JDK1.8\bin\verify.dll
0x0000000056140000 - 0x0000000056168000 	E:\JDK1.8\bin\java.dll
0x0000000056120000 - 0x0000000056136000 	E:\JDK1.8\bin\zip.dll
0x0000000056c70000 - 0x0000000056e08000 	E:\JDK1.8\bin\awt.dll
0x00007ffbd81c0000 - 0x00007ffbd8281000 	C:\windows\system32\OLEAUT32.dll
0x00007ffbd59f0000 - 0x00007ffbd5a10000 	C:\windows\system32\DWMAPI.DLL
0x00007ffbd6300000 - 0x00007ffbd6421000 	C:\windows\system32\uxtheme.dll
0x00007ffbd62f0000 - 0x00007ffbd62fa000 	C:\windows\SYSTEM32\kernel.appcore.dll
0x00007ffbd7400000 - 0x00007ffbd740a000 	C:\windows\SYSTEM32\CRYPTBASE.dll
0x00007ffbd73a0000 - 0x00007ffbd7400000 	C:\windows\SYSTEM32\bcryptPrimitives.dll
0x00007ffbcd060000 - 0x00007ffbcd268000 	C:\windows\system32\d3d9.dll
0x00007ffbd3440000 - 0x00007ffbd344a000 	C:\windows\SYSTEM32\VERSION.dll
0x0000000180000000 - 0x0000000180129000 	C:\windows\system32\nvspcap64.dll
0x00007ffbd76c0000 - 0x00007ffbd7897000 	C:\windows\system32\CRYPT32.dll
0x00007ffbd7650000 - 0x00007ffbd7662000 	C:\windows\system32\MSASN1.dll
0x00007ffbc5ff0000 - 0x00007ffbc6305000 	C:\windows\SYSTEM32\nvapi64.dll
0x00007ffbd83f0000 - 0x00007ffbd85c4000 	C:\windows\system32\SETUPAPI.dll
0x00007ffbd78a0000 - 0x00007ffbd78ec000 	C:\windows\system32\WINTRUST.dll
0x00007ffbb4ab0000 - 0x00007ffbb5c08000 	C:\windows\SYSTEM32\nvd3dumx.dll
0x00007ffbd79c0000 - 0x00007ffbd7a05000 	C:\windows\system32\powrprof.dll
0x0000000057250000 - 0x0000000057297000 	E:\JDK1.8\bin\fontmanager.dll
0x0000000056100000 - 0x000000005611a000 	E:\JDK1.8\bin\net.dll
0x00007ffbd6dd0000 - 0x00007ffbd6e28000 	C:\windows\system32\mswsock.dll
0x00000000560e0000 - 0x00000000560f1000 	E:\JDK1.8\bin\nio.dll
0x0000000057200000 - 0x0000000057241000 	E:\JDK1.8\bin\t2k.dll
0x00000000571c0000 - 0x00000000571f1000 	E:\JDK1.8\bin\jpeg.dll
0x00007ffbda5e0000 - 0x00007ffbda684000 	C:\windows\SYSTEM32\clbcatq.dll
0x00007ffbc6eb0000 - 0x00007ffbc705e000 	C:\windows\SYSTEM32\WindowsCodecs.dll
0x00007ffbd6e30000 - 0x00007ffbd6e4e000 	C:\windows\SYSTEM32\CRYPTSP.dll
0x00007ffbd6a70000 - 0x00007ffbd6aa5000 	C:\windows\system32\rsaenh.dll
0x00007ffbd7070000 - 0x00007ffbd7096000 	C:\windows\SYSTEM32\bcrypt.dll
0x00007ffbc1420000 - 0x00007ffbc15f8000 	C:\windows\system32\SogouTSF.ime
0x00007ffbd3430000 - 0x00007ffbd3437000 	C:\windows\system32\MSIMG32.dll
0x00007ffbd0ad0000 - 0x00007ffbd0b00000 	C:\windows\SYSTEM32\ntmarta.dll
0x00007ffbbfcf0000 - 0x00007ffbc053c000 	C:\windows\system32\SogouPy.ime
0x00007ffbd2680000 - 0x00007ffbd26e3000 	C:\windows\SYSTEM32\OLEACC.dll
0x00007ffbc9e80000 - 0x00007ffbc9eaa000 	C:\Program Files (x86)\SogouInput\Components\SgAppender\1.0.0.207\SgAppender_Dll64.dll
0x000000001d7d0000 - 0x000000001d8ad000 	C:\Program Files (x86)\SogouInput\7.7.0.7006\Resource.dll
0x00007ffbc4e60000 - 0x00007ffbc5088000 	C:\Program Files (x86)\SogouInput\Components\PicFace\1.0.0.1390\PicFace64.dll
0x00007ffbbf400000 - 0x00007ffbbf588000 	C:\windows\SYSTEM32\dbghelp.dll

VM Arguments:
java_command: ATMCaseStudy
java_class_path (initial): E:\JDK1.8\lib\dt.jar£»E:\JDK1.8\lib\tools.jar;F:\workbench\lib\javax.servlet.jar;D:\QT\5.5\msvc2013_64\bin;D:\Qt\Tools\QtCreator\bin;F:\jexcelapi_2_6_6\jexcelapi\jxl.jar;
Launcher Type: SUN_STANDARD

Environment Variables:
CLASSPATH=E:\JDK1.8\lib\dt.jar£»E:\JDK1.8\lib\tools.jar;F:\workbench\lib\javax.servlet.jar;D:\QT\5.5\msvc2013_64\bin;D:\Qt\Tools\QtCreator\bin;F:\jexcelapi_2_6_6\jexcelapi\jxl.jar;
PATH=C:\Users\Y50\AppData\Local\GitHub\PortableGit_c2ba306e536fdf878271f7fe636a147ff37326ad\cmd;C:\Users\Y50\AppData\Local\GitHub\PortableGit_c2ba306e536fdf878271f7fe636a147ff37326ad\bin;C:\Users\Y50\AppData\Local\Apps\2.0\W57TYQLZ.0LT\XHJ6OC6Y.CJ0\gith..tion_317444273a93ac29_0003.0000_30c6a4a3ecafb094;C:\Users\Y50\AppData\Local\GitHub\lfs-amd64_0.5.4;C:\Program Files (x86)\MSBuild\12.0\bin;C:\Program Files (x86)\Lenovo\FusionEngine;C:\Program Files (x86)\NVIDIA Corporation\PhysX\Common;C:\Program Files (x86)\Intel\iCLS Client\;C:\Program Files\Intel\iCLS Client\;C:\windows\system32;C:\windows;C:\windows\System32\Wbem;C:\windows\System32\WindowsPowerShell\v1.0\;C:\Program Files\Intel\Intel(R) Management Engine Components\DAL;C:\Program Files\Intel\Intel(R) Management Engine Components\IPT;C:\Program Files (x86)\Intel\Intel(R) Management Engine Components\DAL;C:\Program Files (x86)\Intel\Intel(R) Management Engine Components\IPT;C:\Program Files\Intel\WiFi\bin\;C:\Program Files\Common Files\Intel\WirelessCommon\;C:\Program Files (x86)\Lenovo\Motion Control\;C:\Program Files (x86)\iFLYTEK\VoiceAssistant\SpeechPlusRuntime;E:\JDK1.8\bin;E:\JDK1.8\bin;E:\JDK1.8\bin;E:\JDK1.8\bin;E:\JDK1.8\bin;C:\Program Files (x86)\Lenovo\Lenovo Home\;C:\Program Files (x86)\Common Files\lenovo\easyplussdk\bin£»F:\adt-bundle-windows-x86_64-20131030\sdk\tools;C:\Program Files\Microsoft SQL Server\120\Tools\Binn\;C:\Program Files (x86)\nodejs\;C:\windows\system32\config\systemprofile\.dnx\bin;C:\Program Files\Microsoft DNX\Dnvm\;C:\Program Files (x86)\Windows Kits\10\Windows Performance Toolkit\;C:\Users\Y50\AppData\Roaming\npm
USERNAME=Y50
OS=Windows_NT
PROCESSOR_IDENTIFIER=Intel64 Family 6 Model 60 Stepping 3, GenuineIntel



---------------  S Y S T E M  ---------------

OS: Windows 8.1 , 64 bit Build 9600 

CPU:total 4 (2 cores per cpu, 2 threads per core) family 6 model 60 stepping 3, cmov, cx8, fxsr, mmx, sse, sse2, sse3, ssse3, sse4.1, sse4.2, popcnt, avx, avx2, aes, clmul, erms, lzcnt, ht, tsc, tscinvbit, bmi1, bmi2

Memory: 4k page, physical 4104472k(807856k free), swap 6798748k(1783052k free)

vm_info: Java HotSpot(TM) 64-Bit Server VM (25.25-b02) for windows-amd64 JRE (1.8.0_25-b18), built on Oct  7 2014 14:25:37 by "java_re" with MS VC++ 10.0 (VS2010)

time: Mon Nov 02 22:44:20 2015
elapsed time: 70 seconds (0d 0h 1m 10s)

