#
# A fatal error has been detected by the Java Runtime Environment:
#
#  EXCEPTION_ACCESS_VIOLATION (0xc0000005) at pc=0x0000000056cbe2d0, pid=3120, tid=11624
#
# JRE version: Java(TM) SE Runtime Environment (8.0_25-b18) (build 1.8.0_25-b18)
# Java VM: Java HotSpot(TM) 64-Bit Server VM (25.25-b02 mixed mode windows-amd64 compressed oops)
# Problematic frame:
# C  [awt.dll+0x4e2d0]
#
# Failed to write core dump. Minidumps are not enabled by default on client versions of Windows
#
# If you would like to submit a bug report, please visit:
#   http://bugreport.sun.com/bugreport/crash.jsp
# The crash happened outside the Java Virtual Machine in native code.
# See problematic frame for where to report the bug.
#

---------------  T H R E A D  ---------------

Current thread (0x0000000018c2d000):  JavaThread "AWT-EventQueue-0" [_thread_in_native, id=11624, stack(0x0000000019290000,0x0000000019390000)]

siginfo: ExceptionCode=0xc0000005, reading address 0x0000000118360000

Registers:
RAX=0x0000000000000000, RBX=0x0000000000000000, RCX=0x0000000000000000, RDX=0x0000000000000005
RSP=0x000000001938c830, RBP=0x00000000160274d0, RSI=0x0000000118360000, RDI=0x0000000018bc0cfa
R8 =0x000000000000002b, R9 =0x0000000000000080, R10=0x0000000018d0a570, R11=0x0000000000000003
R12=0x0000000000000008, R13=0x00000000ff333333, R14=0x00000000160271a0, R15=0x0000000000000001
RIP=0x0000000056cbe2d0, EFLAGS=0x0000000000010293

Top of Stack: (sp=0x000000001938c830)
0x000000001938c830:   0000000018bc0cf8 0000000000000003
0x000000001938c840:   0000000018d0a570 0000000000000022
0x000000001938c850:   0000000000000414 000000000000001b
0x000000001938c860:   0000000000000033 0000000000000033
0x000000001938c870:   0000000000000033 03af8c4a0000010f
0x000000001938c880:   00000000001f631c 00000000001f6311
0x000000001938c890:   0000000056db5c18 0000000018c2d1e8
0x000000001938c8a0:   00000000160271a0 0000000000000064
0x000000001938c8b0:   0000000018cb04f0 0000000057257b9f
0x000000001938c8c0:   000000001938c950 0000000000000000
0x000000001938c8d0:   0000000000000414 0000000018d0a550
0x000000001938c8e0:   0000000000000009 0000000000000005
0x000000001938c8f0:   00000000001f6311 00000000000000c6
0x000000001938c900:   00000000001f631c 0000000000000001
0x000000001938c910:   00000000160274d0 00000000160271a0
0x000000001938c920:   0000000056db5c18 000000001938c9f0 

Instructions: (pc=0x0000000056cbe2d0)
0x0000000056cbe2b0:   8b c1 0b c1 41 0b c0 0f 84 e8 00 00 00 41 8b c1
0x0000000056cbe2c0:   23 c1 41 23 c0 3d ff 00 00 00 0f 8d d1 00 00 00
0x0000000056cbe2d0:   4c 63 14 9e 48 63 d1 4d 63 d9 4c 8d 0d 5f 12 10
0x0000000056cbe2e0:   00 49 8b c2 48 c1 f8 10 0f b6 c0 42 0f b6 0c 30 


Register to memory mapping:

RAX=0x0000000000000000 is an unknown value
RBX=0x0000000000000000 is an unknown value
RCX=0x0000000000000000 is an unknown value
RDX=0x0000000000000005 is an unknown value
RSP=0x000000001938c830 is pointing into the stack for thread: 0x0000000018c2d000
RBP=0x00000000160274d0 is an unknown value
RSI=0x0000000118360000 is an unknown value
RDI=0x0000000018bc0cfa is an unknown value
R8 =0x000000000000002b is an unknown value
R9 =0x0000000000000080 is an unknown value
R10=0x0000000018d0a570 is an unknown value
R11=0x0000000000000003 is an unknown value
R12=0x0000000000000008 is an unknown value
R13=0x00000000ff333333 is an unallocated location in the heap
R14=0x00000000160271a0 is an unknown value
R15=0x0000000000000001 is an unknown value


Stack: [0x0000000019290000,0x0000000019390000],  sp=0x000000001938c830,  free space=1010k
Native frames: (J=compiled Java code, j=interpreted, Vv=VM code, C=native code)
C  [awt.dll+0x4e2d0]
C  [fontmanager.dll+0x7b9f]
C  [fontmanager.dll+0x7ce3]
C  0x00000000025db2fa

Java frames: (J=compiled Java code, j=interpreted, Vv=VM code)
J 870  sun.java2d.loops.DrawGlyphListLCD.DrawGlyphListLCD(Lsun/java2d/SunGraphics2D;Lsun/java2d/SurfaceData;Lsun/font/GlyphList;)V (0 bytes) @ 0x00000000025db27c [0x00000000025db200+0x7c]
J 901 C2 sun.swing.SwingUtilities2.drawChars(Ljavax/swing/JComponent;Ljava/awt/Graphics;[CIIII)I (379 bytes) @ 0x00000000026103b0 [0x000000000260f200+0x11b0]
J 878 C2 javax.swing.text.Utilities.drawTabbedText(Ljavax/swing/text/View;Ljavax/swing/text/Segment;IILjava/awt/Graphics;Ljavax/swing/text/TabExpander;I[I)I (409 bytes) @ 0x00000000025f4b30 [0x00000000025f4520+0x610]
J 902 C2 javax.swing.text.PlainView.drawElement(ILjavax/swing/text/Element;Ljava/awt/Graphics;II)I (399 bytes) @ 0x0000000002601b08 [0x0000000002601740+0x3c8]
J 918% C2 javax.swing.text.PlainView.paint(Ljava/awt/Graphics;Ljava/awt/Shape;)V (455 bytes) @ 0x000000000262c164 [0x000000000262be60+0x304]
j  javax.swing.plaf.basic.BasicTextUI$RootView.paint(Ljava/awt/Graphics;Ljava/awt/Shape;)V+48
j  javax.swing.plaf.basic.BasicTextUI.paintSafely(Ljava/awt/Graphics;)V+65
j  javax.swing.plaf.basic.BasicTextUI.paint(Ljava/awt/Graphics;Ljavax/swing/JComponent;)V+45
j  javax.swing.plaf.basic.BasicTextUI.update(Ljava/awt/Graphics;Ljavax/swing/JComponent;)V+3
j  javax.swing.JComponent.paintComponent(Ljava/awt/Graphics;)V+26
j  javax.swing.JComponent.paint(Ljava/awt/Graphics;)V+286
j  java.awt.GraphicsCallback$PaintCallback.run(Ljava/awt/Component;Ljava/awt/Graphics;)V+2
j  sun.awt.SunGraphicsCallback.runOneComponent(Ljava/awt/Component;Ljava/awt/Rectangle;Ljava/awt/Graphics;Ljava/awt/Shape;I)V+155
j  sun.awt.SunGraphicsCallback.runComponents([Ljava/awt/Component;Ljava/awt/Graphics;I)V+194
j  java.awt.Container.paint(Ljava/awt/Graphics;)V+58
j  sun.awt.RepaintArea.paintComponent(Ljava/awt/Component;Ljava/awt/Graphics;)V+6
j  sun.awt.RepaintArea.paint(Ljava/lang/Object;Z)V+326
j  sun.awt.windows.WComponentPeer.handleEvent(Ljava/awt/AWTEvent;)V+155
j  java.awt.Component.dispatchEventImpl(Ljava/awt/AWTEvent;)V+877
j  java.awt.Container.dispatchEventImpl(Ljava/awt/AWTEvent;)V+42
j  java.awt.Component.dispatchEvent(Ljava/awt/AWTEvent;)V+2
j  java.awt.EventQueue.dispatchEventImpl(Ljava/awt/AWTEvent;Ljava/lang/Object;)V+41
j  java.awt.EventQueue.access$400(Ljava/awt/EventQueue;Ljava/awt/AWTEvent;Ljava/lang/Object;)V+3
j  java.awt.EventQueue$3.run()Ljava/lang/Void;+32
j  java.awt.EventQueue$3.run()Ljava/lang/Object;+1
v  ~StubRoutines::call_stub
J 501  java.security.AccessController.doPrivileged(Ljava/security/PrivilegedAction;Ljava/security/AccessControlContext;)Ljava/lang/Object; (0 bytes) @ 0x00000000024cfb66 [0x00000000024cfb00+0x66]
J 504 C1 java.security.ProtectionDomain$1.doIntersectionPrivilege(Ljava/security/PrivilegedAction;Ljava/security/AccessControlContext;Ljava/security/AccessControlContext;)Ljava/lang/Object; (32 bytes) @ 0x00000000024d0a9c [0x00000000024d07a0+0x2fc]
j  java.security.ProtectionDomain$1.doIntersectionPrivilege(Ljava/security/PrivilegedAction;Ljava/security/AccessControlContext;)Ljava/lang/Object;+6
j  java.awt.EventQueue$4.run()Ljava/lang/Void;+11
j  java.awt.EventQueue$4.run()Ljava/lang/Object;+1
v  ~StubRoutines::call_stub
J 501  java.security.AccessController.doPrivileged(Ljava/security/PrivilegedAction;Ljava/security/AccessControlContext;)Ljava/lang/Object; (0 bytes) @ 0x00000000024cfb66 [0x00000000024cfb00+0x66]
J 504 C1 java.security.ProtectionDomain$1.doIntersectionPrivilege(Ljava/security/PrivilegedAction;Ljava/security/AccessControlContext;Ljava/security/AccessControlContext;)Ljava/lang/Object; (32 bytes) @ 0x00000000024d0a9c [0x00000000024d07a0+0x2fc]
j  java.awt.EventQueue.dispatchEvent(Ljava/awt/AWTEvent;)V+73
j  java.awt.EventDispatchThread.pumpOneEventForFilters(I)V+245
j  java.awt.EventDispatchThread.pumpEventsForFilter(ILjava/awt/Conditional;Ljava/awt/EventFilter;)V+35
j  java.awt.EventDispatchThread.pumpEventsForHierarchy(ILjava/awt/Conditional;Ljava/awt/Component;)V+11
j  java.awt.EventDispatchThread.pumpEvents(ILjava/awt/Conditional;)V+4
j  java.awt.EventDispatchThread.pumpEvents(Ljava/awt/Conditional;)V+3
j  java.awt.EventDispatchThread.run()V+9
v  ~StubRoutines::call_stub

---------------  P R O C E S S  ---------------

Java Threads: ( => current thread )
  0x0000000018cba800 JavaThread "TimerQueue" daemon [_thread_blocked, id=6368, stack(0x000000001a170000,0x000000001a270000)]
  0x0000000018cb3800 JavaThread "D3D Screen Updater" daemon [_thread_blocked, id=11160, stack(0x0000000019b90000,0x0000000019c90000)]
  0x0000000001e3d800 JavaThread "DestroyJavaVM" [_thread_blocked, id=4208, stack(0x0000000001cf0000,0x0000000001df0000)]
=>0x0000000018c2d000 JavaThread "AWT-EventQueue-0" [_thread_in_native, id=11624, stack(0x0000000019290000,0x0000000019390000)]
  0x0000000015fd6800 JavaThread "AWT-Windows" daemon [_thread_in_native, id=15636, stack(0x0000000016da0000,0x0000000016ea0000)]
  0x0000000015fd4000 JavaThread "AWT-Shutdown" [_thread_blocked, id=9012, stack(0x0000000016ca0000,0x0000000016da0000)]
  0x0000000015fce800 JavaThread "Java2D Disposer" daemon [_thread_blocked, id=2492, stack(0x0000000016a60000,0x0000000016b60000)]
  0x000000001492e800 JavaThread "Service Thread" daemon [_thread_blocked, id=6372, stack(0x0000000016860000,0x0000000016960000)]
  0x00000000148fa000 JavaThread "C1 CompilerThread2" daemon [_thread_blocked, id=5852, stack(0x0000000016760000,0x0000000016860000)]
  0x00000000148f4800 JavaThread "C2 CompilerThread1" daemon [_thread_blocked, id=10980, stack(0x0000000016660000,0x0000000016760000)]
  0x0000000015c73800 JavaThread "C2 CompilerThread0" daemon [_thread_blocked, id=8232, stack(0x0000000016560000,0x0000000016660000)]
  0x0000000015c72800 JavaThread "Attach Listener" daemon [_thread_blocked, id=1732, stack(0x0000000016460000,0x0000000016560000)]
  0x00000000148c9000 JavaThread "Signal Dispatcher" daemon [_thread_blocked, id=16868, stack(0x0000000016360000,0x0000000016460000)]
  0x00000000022b3000 JavaThread "Finalizer" daemon [_thread_blocked, id=17160, stack(0x0000000015b30000,0x0000000015c30000)]
  0x00000000022aa000 JavaThread "Reference Handler" daemon [_thread_blocked, id=6616, stack(0x0000000015a30000,0x0000000015b30000)]

Other Threads:
  0x0000000014898000 VMThread [stack: 0x0000000015930000,0x0000000015a30000] [id=3760]
  0x0000000015cb2000 WatcherThread [stack: 0x0000000016960000,0x0000000016a60000] [id=5040]

VM state:not at safepoint (normal execution)

VM Mutex/Monitor currently owned by a thread: None

Heap:
 PSYoungGen      total 175104K, used 11251K [0x00000000eb180000, 0x00000000f9d80000, 0x0000000100000000)
  eden space 116736K, 9% used [0x00000000eb180000,0x00000000ebc7cc80,0x00000000f2380000)
  from space 58368K, 0% used [0x00000000f6480000,0x00000000f6480000,0x00000000f9d80000)
  to   space 62464K, 0% used [0x00000000f2380000,0x00000000f2380000,0x00000000f6080000)
 ParOldGen       total 685568K, used 539479K [0x00000000c1400000, 0x00000000eb180000, 0x00000000eb180000)
  object space 685568K, 78% used [0x00000000c1400000,0x00000000e22d5f58,0x00000000eb180000)
 Metaspace       used 10279K, capacity 10428K, committed 10624K, reserved 1058816K
  class space    used 1322K, capacity 1348K, committed 1408K, reserved 1048576K

Card table byte_map: [0x0000000011680000,0x0000000011880000] byte_map_base: 0x0000000011076000

Marking Bits: (ParMarkBitMap*) 0x000000005694d490
 Begin Bits: [0x0000000011dd0000, 0x0000000012d80000)
 End Bits:   [0x0000000012d80000, 0x0000000013d30000)

Polling page: 0x0000000000450000

CodeCache: size=245760Kb used=3480Kb max_used=3495Kb free=242279Kb
 bounds [0x00000000022c0000, 0x0000000002630000, 0x00000000112c0000]
 total_blobs=1395 nmethods=911 adapters=398
 compilation: enabled

Compilation events (10 events):
Event: 65.975 Thread 0x00000000148f4800 nmethod 910 0x00000000025f1090 code [0x00000000025f1220, 0x00000000025f14d0]
Event: 65.975 Thread 0x00000000148f4800  904       4       javax.swing.text.AbstractDocument$AbstractElement::isDefined (11 bytes)
Event: 65.975 Thread 0x00000000148f4800 nmethod 904 0x00000000025fcc10 code [0x00000000025fcd60, 0x00000000025fcdf8]
Event: 65.989 Thread 0x0000000015c73800 nmethod 915 0x0000000002624510 code [0x0000000002624720, 0x0000000002625a00]
Event: 66.409 Thread 0x00000000148fa000  916 %     3       javax.swing.text.PlainView::paint @ 333 (455 bytes)
Event: 66.411 Thread 0x00000000148fa000 nmethod 916% 0x0000000002627190 code [0x0000000002627560, 0x000000000262a3f8]
Event: 66.420 Thread 0x00000000148fa000  917       3       javax.swing.text.PlainView::paint (455 bytes)
Event: 66.421 Thread 0x00000000148fa000 nmethod 917 0x000000000260a3d0 code [0x000000000260a780, 0x000000000260d3f8]
Event: 66.826 Thread 0x00000000148f4800  918 %     4       javax.swing.text.PlainView::paint @ 333 (455 bytes)
Event: 66.837 Thread 0x00000000148f4800 nmethod 918% 0x000000000262bc90 code [0x000000000262be60, 0x000000000262cc88]

GC Heap History (10 events):
Event: 57.937 GC heap before
{Heap before GC invocations=128 (full 48):
 PSYoungGen      total 118784K, used 13916K [0x00000000eb180000, 0x00000000fa580000, 0x0000000100000000)
  eden space 116224K, 11% used [0x00000000eb180000,0x00000000ebf173f8,0x00000000f2300000)
  from space 2560K, 0% used [0x00000000f2300000,0x00000000f2300000,0x00000000f2580000)
  to   space 66560K, 0% used [0x00000000f6480000,0x00000000f6480000,0x00000000fa580000)
 ParOldGen       total 685568K, used 674850K [0x00000000c1400000, 0x00000000eb180000, 0x00000000eb180000)
  object space 685568K, 98% used [0x00000000c1400000,0x00000000ea7089a0,0x00000000eb180000)
 Metaspace       used 10157K, capacity 10306K, committed 10368K, reserved 1058816K
  class space    used 1318K, capacity 1349K, committed 1408K, reserved 1048576K
Event: 58.946 GC heap after
Heap after GC invocations=128 (full 48):
 PSYoungGen      total 118784K, used 0K [0x00000000eb180000, 0x00000000fa580000, 0x0000000100000000)
  eden space 116224K, 0% used [0x00000000eb180000,0x00000000eb180000,0x00000000f2300000)
  from space 2560K, 0% used [0x00000000f2300000,0x00000000f2300000,0x00000000f2580000)
  to   space 66560K, 0% used [0x00000000f6480000,0x00000000f6480000,0x00000000fa580000)
 ParOldGen       total 685568K, used 532730K [0x00000000c1400000, 0x00000000eb180000, 0x00000000eb180000)
  object space 685568K, 77% used [0x00000000c1400000,0x00000000e1c3e998,0x00000000eb180000)
 Metaspace       used 10157K, capacity 10306K, committed 10368K, reserved 1058816K
  class space    used 1318K, capacity 1349K, committed 1408K, reserved 1048576K
}
Event: 59.054 GC heap before
{Heap before GC invocations=129 (full 49):
 PSYoungGen      total 118784K, used 13916K [0x00000000eb180000, 0x00000000fa580000, 0x0000000100000000)
  eden space 116224K, 11% used [0x00000000eb180000,0x00000000ebf173b8,0x00000000f2300000)
  from space 2560K, 0% used [0x00000000f2300000,0x00000000f2300000,0x00000000f2580000)
  to   space 66560K, 0% used [0x00000000f6480000,0x00000000f6480000,0x00000000fa580000)
 ParOldGen       total 685568K, used 679319K [0x00000000c1400000, 0x00000000eb180000, 0x00000000eb180000)
  object space 685568K, 99% used [0x00000000c1400000,0x00000000eab65c78,0x00000000eb180000)
 Metaspace       used 10157K, capacity 10306K, committed 10368K, reserved 1058816K
  class space    used 1318K, capacity 1349K, committed 1408K, reserved 1048576K
Event: 60.068 GC heap after
Heap after GC invocations=129 (full 49):
 PSYoungGen      total 118784K, used 0K [0x00000000eb180000, 0x00000000fa580000, 0x0000000100000000)
  eden space 116224K, 0% used [0x00000000eb180000,0x00000000eb180000,0x00000000f2300000)
  from space 2560K, 0% used [0x00000000f2300000,0x00000000f2300000,0x00000000f2580000)
  to   space 66560K, 0% used [0x00000000f6480000,0x00000000f6480000,0x00000000fa580000)
 ParOldGen       total 685568K, used 536174K [0x00000000c1400000, 0x00000000eb180000, 0x00000000eb180000)
  object space 685568K, 78% used [0x00000000c1400000,0x00000000e1f9bb58,0x00000000eb180000)
 Metaspace       used 10157K, capacity 10306K, committed 10368K, reserved 1058816K
  class space    used 1318K, capacity 1349K, committed 1408K, reserved 1048576K
}
Event: 60.172 GC heap before
{Heap before GC invocations=130 (full 50):
 PSYoungGen      total 118784K, used 13916K [0x00000000eb180000, 0x00000000fa580000, 0x0000000100000000)
  eden space 116224K, 11% used [0x00000000eb180000,0x00000000ebf173f8,0x00000000f2300000)
  from space 2560K, 0% used [0x00000000f2300000,0x00000000f2300000,0x00000000f2580000)
  to   space 66560K, 0% used [0x00000000f6480000,0x00000000f6480000,0x00000000fa580000)
 ParOldGen       total 685568K, used 683787K [0x00000000c1400000, 0x00000000eb180000, 0x00000000eb180000)
  object space 685568K, 99% used [0x00000000c1400000,0x00000000eafc2e58,0x00000000eb180000)
 Metaspace       used 10157K, capacity 10306K, committed 10368K, reserved 1058816K
  class space    used 1318K, capacity 1349K, committed 1408K, reserved 1048576K
Event: 61.229 GC heap after
Heap after GC invocations=130 (full 50):
 PSYoungGen      total 118784K, used 0K [0x00000000eb180000, 0x00000000fa580000, 0x0000000100000000)
  eden space 116224K, 0% used [0x00000000eb180000,0x00000000eb180000,0x00000000f2300000)
  from space 2560K, 0% used [0x00000000f2300000,0x00000000f2300000,0x00000000f2580000)
  to   space 66560K, 0% used [0x00000000f6480000,0x00000000f6480000,0x00000000fa580000)
 ParOldGen       total 685568K, used 539619K [0x00000000c1400000, 0x00000000eb180000, 0x00000000eb180000)
  object space 685568K, 78% used [0x00000000c1400000,0x00000000e22f8de8,0x00000000eb180000)
 Metaspace       used 10157K, capacity 10306K, committed 10368K, reserved 1058816K
  class space    used 1318K, capacity 1349K, committed 1408K, reserved 1048576K
}
Event: 61.229 GC heap before
{Heap before GC invocations=131 (full 50):
 PSYoungGen      total 118784K, used 0K [0x00000000eb180000, 0x00000000fa580000, 0x0000000100000000)
  eden space 116224K, 0% used [0x00000000eb180000,0x00000000eb180000,0x00000000f2300000)
  from space 2560K, 0% used [0x00000000f2300000,0x00000000f2300000,0x00000000f2580000)
  to   space 66560K, 0% used [0x00000000f6480000,0x00000000f6480000,0x00000000fa580000)
 ParOldGen       total 685568K, used 539619K [0x00000000c1400000, 0x00000000eb180000, 0x00000000eb180000)
  object space 685568K, 78% used [0x00000000c1400000,0x00000000e22f8de8,0x00000000eb180000)
 Metaspace       used 10157K, capacity 10306K, committed 10368K, reserved 1058816K
  class space    used 1318K, capacity 1349K, committed 1408K, reserved 1048576K
Event: 61.232 GC heap after
Heap after GC invocations=131 (full 50):
 PSYoungGen      total 175104K, used 0K [0x00000000eb180000, 0x00000000f9d80000, 0x0000000100000000)
  eden space 116736K, 0% used [0x00000000eb180000,0x00000000eb180000,0x00000000f2380000)
  from space 58368K, 0% used [0x00000000f6480000,0x00000000f6480000,0x00000000f9d80000)
  to   space 62464K, 0% used [0x00000000f2380000,0x00000000f2380000,0x00000000f6080000)
 ParOldGen       total 685568K, used 539619K [0x00000000c1400000, 0x00000000eb180000, 0x00000000eb180000)
  object space 685568K, 78% used [0x00000000c1400000,0x00000000e22f8de8,0x00000000eb180000)
 Metaspace       used 10157K, capacity 10306K, committed 10368K, reserved 1058816K
  class space    used 1318K, capacity 1349K, committed 1408K, reserved 1048576K
}
Event: 61.232 GC heap before
{Heap before GC invocations=132 (full 51):
 PSYoungGen      total 175104K, used 0K [0x00000000eb180000, 0x00000000f9d80000, 0x0000000100000000)
  eden space 116736K, 0% used [0x00000000eb180000,0x00000000eb180000,0x00000000f2380000)
  from space 58368K, 0% used [0x00000000f6480000,0x00000000f6480000,0x00000000f9d80000)
  to   space 62464K, 0% used [0x00000000f2380000,0x00000000f2380000,0x00000000f6080000)
 ParOldGen       total 685568K, used 539619K [0x00000000c1400000, 0x00000000eb180000, 0x00000000eb180000)
  object space 685568K, 78% used [0x00000000c1400000,0x00000000e22f8de8,0x00000000eb180000)
 Metaspace       used 10157K, capacity 10306K, committed 10368K, reserved 1058816K
  class space    used 1318K, capacity 1349K, committed 1408K, reserved 1048576K
Event: 65.201 GC heap after
Heap after GC invocations=132 (full 51):
 PSYoungGen      total 175104K, used 0K [0x00000000eb180000, 0x00000000f9d80000, 0x0000000100000000)
  eden space 116736K, 0% used [0x00000000eb180000,0x00000000eb180000,0x00000000f2380000)
  from space 58368K, 0% used [0x00000000f6480000,0x00000000f6480000,0x00000000f9d80000)
  to   space 62464K, 0% used [0x00000000f2380000,0x00000000f2380000,0x00000000f6080000)
 ParOldGen       total 685568K, used 539479K [0x00000000c1400000, 0x00000000eb180000, 0x00000000eb180000)
  object space 685568K, 78% used [0x00000000c1400000,0x00000000e22d5f58,0x00000000eb180000)
 Metaspace       used 10153K, capacity 10300K, committed 10368K, reserved 1058816K
  class space    used 1318K, capacity 1348K, committed 1408K, reserved 1048576K
}

Deoptimization events (1 events):
Event: 65.601 Thread 0x0000000018c2d000 Uncommon trap: reason=unreached action=reinterpret pc=0x0000000002565600 method=javax.swing.plaf.basic.BasicBorders$MarginBorder.getBorderInsets(Ljava/awt/Component;Ljava/awt/Insets;)Ljava/awt/Insets; @ 6

Internal exceptions (10 events):
Event: 1.035 Thread 0x0000000001e3d800 Exception <a 'java/io/FileNotFoundException'> (0x00000000eb577c80) thrown at [D:\re\workspace\8-2-build-windows-amd64-cygwin\jdk8u25\1677\hotspot\src\share\vm\prims\jni.cpp, line 716]
Event: 1.035 Thread 0x0000000001e3d800 Exception <a 'java/lang/NullPointerException'> (0x00000000eb578208) thrown at [D:\re\workspace\8-2-build-windows-amd64-cygwin\jdk8u25\1677\hotspot\src\share\vm\interpreter\linkResolver.cpp, line 1178]
Event: 1.063 Thread 0x0000000001e3d800 Exception <a 'java/security/PrivilegedActionException'> (0x00000000eb5b7450) thrown at [D:\re\workspace\8-2-build-windows-amd64-cygwin\jdk8u25\1677\hotspot\src\share\vm\prims\jvm.cpp, line 1312]
Event: 1.272 Thread 0x0000000001e3d800 Exception <a 'java/security/PrivilegedActionException'> (0x00000000eb5f18e0) thrown at [D:\re\workspace\8-2-build-windows-amd64-cygwin\jdk8u25\1677\hotspot\src\share\vm\prims\jvm.cpp, line 1312]
Event: 1.272 Thread 0x0000000001e3d800 Exception <a 'java/security/PrivilegedActionException'> (0x00000000eb5f2570) thrown at [D:\re\workspace\8-2-build-windows-amd64-cygwin\jdk8u25\1677\hotspot\src\share\vm\prims\jvm.cpp, line 1312]
Event: 1.274 Thread 0x0000000001e3d800 Exception <a 'java/security/PrivilegedActionException'> (0x00000000eb5f5ca8) thrown at [D:\re\workspace\8-2-build-windows-amd64-cygwin\jdk8u25\1677\hotspot\src\share\vm\prims\jvm.cpp, line 1312]
Event: 1.274 Thread 0x0000000001e3d800 Exception <a 'java/security/PrivilegedActionException'> (0x00000000eb5f6938) thrown at [D:\re\workspace\8-2-build-windows-amd64-cygwin\jdk8u25\1677\hotspot\src\share\vm\prims\jvm.cpp, line 1312]
Event: 65.201 Thread 0x0000000018c2d000 Exception <a 'java/lang/OutOfMemoryError'> (0x00000000c1524398) thrown at [D:\re\workspace\8-2-build-windows-amd64-cygwin\jdk8u25\1677\hotspot\src\share\vm\gc_interface/collectedHeap.inline.hpp, line 159]
Event: 65.201 Thread 0x0000000018c2d000 Exception <a 'java/lang/OutOfMemoryError'> (0x00000000c1524398) thrown at [D:\re\workspace\8-2-build-windows-amd64-cygwin\jdk8u25\1677\hotspot\src\share\vm\prims\jvm.cpp, line 1316]
Event: 65.201 Thread 0x0000000018c2d000 Exception <a 'java/lang/OutOfMemoryError'> (0x00000000c1524398) thrown at [D:\re\workspace\8-2-build-windows-amd64-cygwin\jdk8u25\1677\hotspot\src\share\vm\prims\jvm.cpp, line 1316]

Events (10 events):
Event: 65.526 loading class sun/java2d/loops/Blit$GeneralMaskBlit done
Event: 65.526 loading class sun/java2d/loops/MaskBlit$General
Event: 65.527 loading class sun/java2d/loops/GraphicsPrimitive$GeneralBinaryOp
Event: 65.527 loading class sun/java2d/loops/GraphicsPrimitive$GeneralBinaryOp done
Event: 65.527 loading class sun/java2d/loops/MaskBlit$General done
Event: 65.601 Thread 0x0000000018c2d000 Uncommon trap: trap_request=0xffffffad fr.pc=0x0000000002565600
Event: 65.601 Thread 0x0000000018c2d000 DEOPT PACKING pc=0x0000000002565600 sp=0x000000001938ca50
Event: 65.601 Thread 0x0000000018c2d000 DEOPT UNPACKING pc=0x000000000230556a sp=0x000000001938c9d0 mode 2
Event: 66.913 Thread 0x0000000018c2d000 DEOPT PACKING pc=0x000000000262a1e6 sp=0x000000001938ccd0
Event: 66.913 Thread 0x0000000018c2d000 DEOPT UNPACKING pc=0x00000000023075bf sp=0x000000001938caa8 mode 0


Dynamic libraries:
0x00007ff7cbe00000 - 0x00007ff7cbe34000 	E:\JDK1.8\bin\java.exe
0x00007ffbda710000 - 0x00007ffbda8bc000 	C:\windows\SYSTEM32\ntdll.dll
0x00007ffbda400000 - 0x00007ffbda53a000 	C:\windows\system32\KERNEL32.DLL
0x00007ffbd7a20000 - 0x00007ffbd7b2f000 	C:\windows\system32\KERNELBASE.dll
0x00007ffbd61d0000 - 0x00007ffbd6258000 	C:\windows\system32\apphelp.dll
0x00007ffbd24f0000 - 0x00007ffbd253f000 	C:\windows\AppPatch\AppPatch64\AcGenral.DLL
0x00007ffbd8ae0000 - 0x00007ffbd8b87000 	C:\windows\system32\msvcrt.dll
0x00007ffbd7370000 - 0x00007ffbd739b000 	C:\windows\SYSTEM32\SspiCli.dll
0x00007ffbd87d0000 - 0x00007ffbd8821000 	C:\windows\system32\SHLWAPI.dll
0x00007ffbd8040000 - 0x00007ffbd81b1000 	C:\windows\system32\USER32.dll
0x00007ffbd8630000 - 0x00007ffbd87c4000 	C:\windows\system32\ole32.dll
0x00007ffbd8c90000 - 0x00007ffbda1bb000 	C:\windows\system32\SHELL32.dll
0x00007ffbd6b80000 - 0x00007ffbd6b9e000 	C:\windows\SYSTEM32\USERENV.dll
0x00007ffbd7b50000 - 0x00007ffbd7bf5000 	C:\windows\system32\ADVAPI32.dll
0x00007ffbc6af0000 - 0x00007ffbc6b0b000 	C:\windows\SYSTEM32\MPR.dll
0x00007ffbd7c00000 - 0x00007ffbd7d41000 	C:\windows\system32\RPCRT4.dll
0x00007ffbda6a0000 - 0x00007ffbda6f9000 	C:\windows\SYSTEM32\sechost.dll
0x00007ffbda220000 - 0x00007ffbda3f6000 	C:\windows\SYSTEM32\combase.dll
0x00007ffbd8830000 - 0x00007ffbd8980000 	C:\windows\system32\GDI32.dll
0x00007ffbd7540000 - 0x00007ffbd7554000 	C:\windows\SYSTEM32\profapi.dll
0x00007ffbd5bc0000 - 0x00007ffbd5c5f000 	C:\windows\SYSTEM32\SHCORE.dll
0x00007ffbd85f0000 - 0x00007ffbd8624000 	C:\windows\system32\IMM32.DLL
0x00007ffbd8290000 - 0x00007ffbd83e2000 	C:\windows\system32\MSCTF.dll
0x00007ffbd5310000 - 0x00007ffbd558a000 	C:\windows\WinSxS\amd64_microsoft.windows.common-controls_6595b64144ccf1df_6.0.9600.17810_none_6240b9c7ecbd0bda\COMCTL32.dll
0x00000000572a0000 - 0x0000000057372000 	E:\JDK1.8\bin\msvcr100.dll
0x0000000056170000 - 0x00000000569ca000 	E:\JDK1.8\bin\server\jvm.dll
0x00007ffbd3010000 - 0x00007ffbd3019000 	C:\windows\SYSTEM32\WSOCK32.dll
0x00007ffbd79a0000 - 0x00007ffbd79bf000 	C:\windows\system32\WINMM.dll
0x00007ffbd8980000 - 0x00007ffbd8987000 	C:\windows\system32\PSAPI.DLL
0x00007ffbd7fe0000 - 0x00007ffbd8038000 	C:\windows\system32\WS2_32.dll
0x00007ffbd7620000 - 0x00007ffbd764a000 	C:\windows\system32\WINMMBASE.dll
0x00007ffbda690000 - 0x00007ffbda699000 	C:\windows\system32\NSI.dll
0x00007ffbd7670000 - 0x00007ffbd76ba000 	C:\windows\SYSTEM32\cfgmgr32.dll
0x00007ffbd75f0000 - 0x00007ffbd7616000 	C:\windows\system32\DEVOBJ.dll
0x0000000057460000 - 0x000000005746f000 	E:\JDK1.8\bin\verify.dll
0x0000000056140000 - 0x0000000056168000 	E:\JDK1.8\bin\java.dll
0x0000000056120000 - 0x0000000056136000 	E:\JDK1.8\bin\zip.dll
0x0000000056c70000 - 0x0000000056e08000 	E:\JDK1.8\bin\awt.dll
0x00007ffbd81c0000 - 0x00007ffbd8281000 	C:\windows\system32\OLEAUT32.dll
0x00007ffbd59f0000 - 0x00007ffbd5a10000 	C:\windows\system32\DWMAPI.DLL
0x00007ffbd6300000 - 0x00007ffbd6421000 	C:\windows\system32\uxtheme.dll
0x00007ffbd62f0000 - 0x00007ffbd62fa000 	C:\windows\SYSTEM32\kernel.appcore.dll
0x00007ffbd7400000 - 0x00007ffbd740a000 	C:\windows\SYSTEM32\CRYPTBASE.dll
0x00007ffbd73a0000 - 0x00007ffbd7400000 	C:\windows\SYSTEM32\bcryptPrimitives.dll
0x00007ffbcd060000 - 0x00007ffbcd268000 	C:\windows\system32\d3d9.dll
0x00007ffbd3440000 - 0x00007ffbd344a000 	C:\windows\SYSTEM32\VERSION.dll
0x0000000180000000 - 0x0000000180129000 	C:\windows\system32\nvspcap64.dll
0x00007ffbd76c0000 - 0x00007ffbd7897000 	C:\windows\system32\CRYPT32.dll
0x00007ffbd7650000 - 0x00007ffbd7662000 	C:\windows\system32\MSASN1.dll
0x00007ffbc5ff0000 - 0x00007ffbc6305000 	C:\windows\SYSTEM32\nvapi64.dll
0x00007ffbd83f0000 - 0x00007ffbd85c4000 	C:\windows\system32\SETUPAPI.dll
0x00007ffbd78a0000 - 0x00007ffbd78ec000 	C:\windows\system32\WINTRUST.dll
0x00007ffbb4ab0000 - 0x00007ffbb5c08000 	C:\windows\SYSTEM32\nvd3dumx.dll
0x00007ffbd79c0000 - 0x00007ffbd7a05000 	C:\windows\system32\powrprof.dll
0x0000000057250000 - 0x0000000057297000 	E:\JDK1.8\bin\fontmanager.dll
0x0000000056100000 - 0x000000005611a000 	E:\JDK1.8\bin\net.dll
0x00007ffbd6dd0000 - 0x00007ffbd6e28000 	C:\windows\system32\mswsock.dll
0x00000000560e0000 - 0x00000000560f1000 	E:\JDK1.8\bin\nio.dll
0x0000000057200000 - 0x0000000057241000 	E:\JDK1.8\bin\t2k.dll
0x00000000571c0000 - 0x00000000571f1000 	E:\JDK1.8\bin\jpeg.dll
0x00007ffbda5e0000 - 0x00007ffbda684000 	C:\windows\SYSTEM32\clbcatq.dll
0x00007ffbc6eb0000 - 0x00007ffbc705e000 	C:\windows\SYSTEM32\WindowsCodecs.dll
0x00007ffbd6e30000 - 0x00007ffbd6e4e000 	C:\windows\SYSTEM32\CRYPTSP.dll
0x00007ffbd6a70000 - 0x00007ffbd6aa5000 	C:\windows\system32\rsaenh.dll
0x00007ffbd7070000 - 0x00007ffbd7096000 	C:\windows\SYSTEM32\bcrypt.dll
0x00007ffbc1420000 - 0x00007ffbc15f8000 	C:\windows\system32\SogouTSF.ime
0x00007ffbd3430000 - 0x00007ffbd3437000 	C:\windows\system32\MSIMG32.dll
0x00007ffbd0ad0000 - 0x00007ffbd0b00000 	C:\windows\SYSTEM32\ntmarta.dll
0x00007ffbbfcf0000 - 0x00007ffbc053c000 	C:\windows\system32\SogouPy.ime
0x00007ffbd2680000 - 0x00007ffbd26e3000 	C:\windows\SYSTEM32\OLEACC.dll
0x00007ffbc9e80000 - 0x00007ffbc9eaa000 	C:\Program Files (x86)\SogouInput\Components\SgAppender\1.0.0.207\SgAppender_Dll64.dll
0x000000001cfa0000 - 0x000000001d07d000 	C:\Program Files (x86)\SogouInput\7.7.0.7006\Resource.dll
0x00007ffbc4e60000 - 0x00007ffbc5088000 	C:\Program Files (x86)\SogouInput\Components\PicFace\1.0.0.1390\PicFace64.dll
0x00007ffbbf400000 - 0x00007ffbbf588000 	C:\windows\SYSTEM32\dbghelp.dll

VM Arguments:
java_command: ATMCaseStudy
java_class_path (initial): E:\JDK1.8\lib\dt.jar£»E:\JDK1.8\lib\tools.jar;F:\workbench\lib\javax.servlet.jar;D:\QT\5.5\msvc2013_64\bin;D:\Qt\Tools\QtCreator\bin;F:\jexcelapi_2_6_6\jexcelapi\jxl.jar;
Launcher Type: SUN_STANDARD

Environment Variables:
CLASSPATH=E:\JDK1.8\lib\dt.jar£»E:\JDK1.8\lib\tools.jar;F:\workbench\lib\javax.servlet.jar;D:\QT\5.5\msvc2013_64\bin;D:\Qt\Tools\QtCreator\bin;F:\jexcelapi_2_6_6\jexcelapi\jxl.jar;
PATH=C:\Users\Y50\AppData\Local\GitHub\PortableGit_c2ba306e536fdf878271f7fe636a147ff37326ad\cmd;C:\Users\Y50\AppData\Local\GitHub\PortableGit_c2ba306e536fdf878271f7fe636a147ff37326ad\bin;C:\Users\Y50\AppData\Local\Apps\2.0\W57TYQLZ.0LT\XHJ6OC6Y.CJ0\gith..tion_317444273a93ac29_0003.0000_30c6a4a3ecafb094;C:\Users\Y50\AppData\Local\GitHub\lfs-amd64_0.5.4;C:\Program Files (x86)\MSBuild\12.0\bin;C:\Program Files (x86)\Lenovo\FusionEngine;C:\Program Files (x86)\NVIDIA Corporation\PhysX\Common;C:\Program Files (x86)\Intel\iCLS Client\;C:\Program Files\Intel\iCLS Client\;C:\windows\system32;C:\windows;C:\windows\System32\Wbem;C:\windows\System32\WindowsPowerShell\v1.0\;C:\Program Files\Intel\Intel(R) Management Engine Components\DAL;C:\Program Files\Intel\Intel(R) Management Engine Components\IPT;C:\Program Files (x86)\Intel\Intel(R) Management Engine Components\DAL;C:\Program Files (x86)\Intel\Intel(R) Management Engine Components\IPT;C:\Program Files\Intel\WiFi\bin\;C:\Program Files\Common Files\Intel\WirelessCommon\;C:\Program Files (x86)\Lenovo\Motion Control\;C:\Program Files (x86)\iFLYTEK\VoiceAssistant\SpeechPlusRuntime;E:\JDK1.8\bin;E:\JDK1.8\bin;E:\JDK1.8\bin;E:\JDK1.8\bin;E:\JDK1.8\bin;C:\Program Files (x86)\Lenovo\Lenovo Home\;C:\Program Files (x86)\Common Files\lenovo\easyplussdk\bin£»F:\adt-bundle-windows-x86_64-20131030\sdk\tools;C:\Program Files\Microsoft SQL Server\120\Tools\Binn\;C:\Program Files (x86)\nodejs\;C:\windows\system32\config\systemprofile\.dnx\bin;C:\Program Files\Microsoft DNX\Dnvm\;C:\Program Files (x86)\Windows Kits\10\Windows Performance Toolkit\;C:\Users\Y50\AppData\Roaming\npm
USERNAME=Y50
OS=Windows_NT
PROCESSOR_IDENTIFIER=Intel64 Family 6 Model 60 Stepping 3, GenuineIntel



---------------  S Y S T E M  ---------------

OS: Windows 8.1 , 64 bit Build 9600 

CPU:total 4 (2 cores per cpu, 2 threads per core) family 6 model 60 stepping 3, cmov, cx8, fxsr, mmx, sse, sse2, sse3, ssse3, sse4.1, sse4.2, popcnt, avx, avx2, aes, clmul, erms, lzcnt, ht, tsc, tscinvbit, bmi1, bmi2

Memory: 4k page, physical 4104472k(659324k free), swap 6640608k(1642004k free)

vm_info: Java HotSpot(TM) 64-Bit Server VM (25.25-b02) for windows-amd64 JRE (1.8.0_25-b18), built on Oct  7 2014 14:25:37 by "java_re" with MS VC++ 10.0 (VS2010)

time: Mon Nov 02 21:46:20 2015
elapsed time: 67 seconds (0d 0h 1m 7s)

